#
# A fatal error has been detected by the Java Runtime Environment:
#
#  Internal Error (jvmciRuntime.cpp:1609), pid=59, tid=75
#  fatal error: Fatal exception in JVMCI: Error calling jdk.vm.ci.services.Services.serializeSavedProperties
#
# JRE version: OpenJDK Runtime Environment GraalVM CE 22.3.0 (17.0.5+8) (build 17.0.5+8-jvmci-22.3-b08)
# Java VM: OpenJDK 64-Bit Server VM GraalVM CE 22.3.0 (17.0.5+8-jvmci-22.3-b08, mixed mode, sharing, tiered, jvmci, jvmci compiler, compressed oops, compressed class ptrs, parallel gc, linux-amd64)
# Problematic frame:
# V  [libjvm.so+0x972714]  JVMCIRuntime::fatal_exception(JVMCIEnv*, char const*)+0x74
#
# Core dump will be written. Default location: Core dumps may be processed with "/usr/share/apport/apport -p%p -s%s -c%c -d%d -P%P -u%u -g%g -- %E" (or dumping to /home/runner/zad40/core.59)
#
# If you would like to submit a bug report, please visit:
#   https://github.com/oracle/graal/issues
#

---------------  S U M M A R Y ------------

Command Line: -XX:ThreadPriorityPolicy=1 -XX:+UnlockExperimentalVMOptions -XX:+EnableJVMCIProduct -XX:JVMCIThreadsPerNativeLibraryRuntime=1 -XX:-UnlockExperimentalVMOptions -Declipse.application=org.eclipse.jdt.ls.core.id1 -Dosgi.bundles.defaultStartLevel=4 -Declipse.product=org.eclipse.jdt.ls.core.product -Dlog.level=ALL -Xverify:none -XX:+UseParallelGC -XX:GCTimeRatio=4 -XX:AdaptiveSizePolicyWeight=90 -Dsun.zip.disableMemoryMapping=true -Xmx512m -Xms100m /nix/store/m6gcpi1ii6rghy04cjwjddcavv7i90df-jdt-language-server-1.9.0/share/java/plugins/org.eclipse.equinox.launcher_1.6.400.v20210924-0641.jar --add-modules=ALL-SYSTEM --add-opens java.base/java.util=ALL-UNNAMED --add-opens java.base/java.lang=ALL-UNNAMED -configuration /home/runner/.cache/jdt-language-server/config -data /home/runner/.cache/jdt-language-server/data/home/runner/zad40

Host: AMD EPYC 7B12, 8 cores, 1G, Ubuntu 20.04.2 LTS
Time: Wed Apr 26 10:38:35 2023 UTC elapsed time: 320.604542 seconds (0d 0h 5m 20s)

---------------  T H R E A D  ---------------

Current thread (0x00007f89e40b21b0):  JavaThread "JVMCI-native CompilerThread0" daemon [_thread_in_vm, id=75, stack(0x00007f89caecd000,0x00007f89cb0cd000)]


Current CompileTask:
JVMCI-native: 320604 8724       4       java.lang.String::<init> (830 bytes)

Stack: [0x00007f89caecd000,0x00007f89cb0cd000],  sp=0x00007f89cb0cb380,  free space=2040k
Native frames: (J=compiled Java code, j=interpreted, Vv=VM code, C=native code)
V  [libjvm.so+0x972714]  JVMCIRuntime::fatal_exception(JVMCIEnv*, char const*)+0x74
V  [libjvm.so+0x93e2fe]  JVMCIEnv::copy_saved_properties()+0x14e
V  [libjvm.so+0x9732a9]  JVMCIRuntime::initialize(JVMCIEnv*)+0xb19
V  [libjvm.so+0x9738a2]  JVMCIRuntime::get_HotSpotJVMCIRuntime(JVMCIEnv*)+0x12
V  [libjvm.so+0x9749f2]  JVMCIRuntime::compile_method(JVMCIEnv*, JVMCICompiler*, methodHandle const&, int)+0xd2
V  [libjvm.so+0x5b0d20]  CompileBroker::invoke_compiler_on_method(CompileTask*)+0x1470
V  [libjvm.so+0x5b12e8]  CompileBroker::compiler_thread_loop()+0x528
V  [libjvm.so+0xd82460]  JavaThread::thread_main_inner()+0xd0
V  [libjvm.so+0xd85a40]  Thread::call_run()+0xc0
V  [libjvm.so+0xbdb1e1]  thread_native_entry(Thread*)+0xe1

Register to memory mapping:

RAX=0x00007f89eab52000 points into unknown readable memory: 0x0000000000000058 | 58 00 00 00 00 00 00 00
RBX=0x00007f89ebc4d398: <offset 0x0000000000ef5398> in /nix/store/gpxl5qgg8kicmcvivwmybwjlpf7wh20l-graalvm17-ce-22.3.0/lib/server/libjvm.so at 0x00007f89ead58000
RCX=0x00007f89ebc051e8: <offset 0x0000000000ead1e8> in /nix/store/gpxl5qgg8kicmcvivwmybwjlpf7wh20l-graalvm17-ce-22.3.0/lib/server/libjvm.so at 0x00007f89ead58000
RDX=0x0000000000000649 is an unknown value
RSP=0x00007f89cb0cb380 is pointing into the stack for thread: 0x00007f89e40b21b0
RBP=0x00007f89cb0cb3a0 is pointing into the stack for thread: 0x00007f89e40b21b0
RSI=0x00007f89ebc4dc48: <offset 0x0000000000ef5c48> in /nix/store/gpxl5qgg8kicmcvivwmybwjlpf7wh20l-graalvm17-ce-22.3.0/lib/server/libjvm.so at 0x00007f89ead58000
RDI=0x00000000e0000000 is an oop: java.lang.String 
{0x00000000e0000000} - klass: 'java/lang/String'
 - string: "resolution"
R8 =0x00007f89ebc4d398: <offset 0x0000000000ef5398> in /nix/store/gpxl5qgg8kicmcvivwmybwjlpf7wh20l-graalvm17-ce-22.3.0/lib/server/libjvm.so at 0x00007f89ead58000
R9 =0x00007f89cb0cb330 is pointing into the stack for thread: 0x00007f89e40b21b0
R10=0x00007f89cb0cc948 is pointing into the stack for thread: 0x00007f89e40b21b0
R11=0x0000000000000293 is an unknown value
R12=0x0 is NULL
R13=0x00007f89e40b21b0 is a thread
R14=0x00007f89e4000b80 points into unknown readable memory: 0x00007f89ebe7ea38 | 38 ea e7 eb 89 7f 00 00
R15=0x00007f89ebf8ce40: <offset 0x0000000001234e40> in /nix/store/gpxl5qgg8kicmcvivwmybwjlpf7wh20l-graalvm17-ce-22.3.0/lib/server/libjvm.so at 0x00007f89ead58000


Registers:
RAX=0x00007f89eab52000, RBX=0x00007f89ebc4d398, RCX=0x00007f89ebc051e8, RDX=0x0000000000000649
RSP=0x00007f89cb0cb380, RBP=0x00007f89cb0cb3a0, RSI=0x00007f89ebc4dc48, RDI=0x00000000e0000000
R8 =0x00007f89ebc4d398, R9 =0x00007f89cb0cb330, R10=0x00007f89cb0cc948, R11=0x0000000000000293
R12=0x0000000000000000, R13=0x00007f89e40b21b0, R14=0x00007f89e4000b80, R15=0x00007f89ebf8ce40
RIP=0x00007f89eb6ca714, EFLAGS=0x0000000000010206, CSGSFS=0x002b000000000033, ERR=0x0000000000000006
  TRAPNO=0x000000000000000e

Top of Stack: (sp=0x00007f89cb0cb380)
0x00007f89cb0cb380:   00007f89cb0cb940 00007f89e40b21b0
0x00007f89cb0cb390:   00007f89e94e38c8 0000000800c415a8
0x00007f89cb0cb3a0:   00007f89cb0cb500 00007f89eb6962fe
0x00007f89cb0cb3b0:   00007f89cb0cb3e0 00007f89cb0cb440 

Instructions: (pc=0x00007f89eb6ca714)
0x00007f89eb6ca614:   30 e8 f6 cf e8 ff 4c 89 e7 e8 2e 48 d1 ff 84 db
0x00007f89eb6ca624:   75 2a 4d 85 ed 74 04 4d 8b 6d 00 48 83 c4 08 44
0x00007f89eb6ca634:   89 f9 4c 89 f2 4c 89 ee 5b 4c 89 e7 41 5c 41 5d
0x00007f89eb6ca644:   41 5e 41 5f 5d e9 e2 47 d1 ff 66 90 48 83 c4 08
0x00007f89eb6ca654:   5b 41 5c 41 5d 41 5e 41 5f 5d c3 90 31 d2 be 08
0x00007f89eb6ca664:   00 00 00 4c 89 ff e8 b1 78 a3 ff 49 89 c5 e9 37
0x00007f89eb6ca674:   ff ff ff 66 0f 1f 84 00 00 00 00 00 48 8b 7a 08
0x00007f89eb6ca684:   e9 6d ff ff ff 0f 1f 80 00 00 00 00 e8 5b 48 0a
0x00007f89eb6ca694:   00 84 c0 75 89 e9 6a ff ff ff 66 90 55 48 89 e5
0x00007f89eb6ca6a4:   41 56 41 55 41 54 49 89 fc 53 48 89 f3 66 48 8d
0x00007f89eb6ca6b4:   3d 27 5e 85 00 66 66 48 e8 df 43 8d ff 4c 8b 28
0x00007f89eb6ca6c4:   8b 05 be 72 8a 00 85 c0 75 14 ba 01 00 00 00 48
0x00007f89eb6ca6d4:   8d 0d ae 72 8a 00 f0 0f b1 11 85 c0 74 4e be c8
0x00007f89eb6ca6e4:   00 00 00 4c 89 ef e8 01 0b 41 00 48 8d 05 12 ac
0x00007f89eb6ca6f4:   85 00 49 89 d8 48 8d 0d e8 aa 53 00 ba 49 06 00
0x00007f89eb6ca704:   00 48 8d 35 3c 35 58 00 bf 00 00 00 e0 48 8b 00
0x00007f89eb6ca714:   c6 00 58 31 c0 e8 e2 91 c6 ff 5b 41 5c 41 5d 41
0x00007f89eb6ca724:   5e 5d e9 55 34 26 00 0f 1f 44 00 00 48 8d 05 81
0x00007f89eb6ca734:   a3 8b 00 48 89 df 4c 8b 30 e8 9e 43 8d ff 48 89
0x00007f89eb6ca744:   de 48 89 c2 49 8b 06 4c 89 f7 ff 50 08 4c 89 f7
0x00007f89eb6ca754:   e8 a7 5c 27 00 4d 85 e4 74 12 be 01 00 00 00 4c
0x00007f89eb6ca764:   89 e7 e8 35 43 fc ff eb 82 0f 1f 00 be 01 00 00
0x00007f89eb6ca774:   00 4c 89 ef e8 d3 fd ff ff e9 6d ff ff ff 66 66
0x00007f89eb6ca784:   2e 0f 1f 84 00 00 00 00 00 0f 1f 00 55 48 89 e5
0x00007f89eb6ca794:   41 57 41 56 41 55 41 54 53 48 81 ec 08 02 00 00
0x00007f89eb6ca7a4:   64 48 8b 04 25 28 00 00 00 48 89 45 c8 8b 07 83
0x00007f89eb6ca7b4:   f8 02 0f 84 11 04 00 00 4c 8b 6f 18 49 89 ff 49
0x00007f89eb6ca7c4:   89 f4 4d 85 ed 74 14 4c 89 ef e8 5d 57 22 00 41
0x00007f89eb6ca7d4:   8b 07 83 f8 02 0f 84 19 04 00 00 48 8d 1d 9a 06
0x00007f89eb6ca7e4:   8a 00 4c 8d 35 0b 3c 58 00 eb 38 90 48 85 d2 7f
0x00007f89eb6ca7f4:   0d 48 8d 05 b4 c0 85 00 48 83 38 00 7e 0e 41 8b
0x00007f89eb6ca804:   77 2c 4c 89 f7 31 c0 e8 a0 b2 f7 ff 49 8b 7f 18 


Stack slot to memory mapping:
stack at sp + 0 slots: 0x00007f89cb0cb940 is pointing into the stack for thread: 0x00007f89e40b21b0
stack at sp + 1 slots: 0x00007f89e40b21b0 is a thread
stack at sp + 2 slots: 0x00007f89e94e38c8 points into unknown readable memory: 0x6573001880c9ffff | ff ff c9 80 18 00 73 65
stack at sp + 3 slots: 0x0000000800c415a8 is a pointer to class: 
jdk.vm.ci.services.Services {0x0000000800c415a8}
 - instance size:     2
 - klass size:        65
 - access:            public final synchronized 
 - state:             fully_initialized
 - name:              'jdk/vm/ci/services/Services'
 - super:             'java/lang/Object'
 - sub:               
 - arrays:            NULL
 - methods:           Array<T>(0x00007f89e8441798)
 - method ordering:   Array<T>(0x0000000800928960)
 - default_methods:   Array<T>(0x0000000000000000)
 - local interfaces:  Array<T>(0x00000008005ce810)
 - trans. interfaces: Array<T>(0x00000008005ce810)
 - constants:         constant pool [427] {0x00007f89e8440878} for 'jdk/vm/ci/services/Services' cache=0x00007f89e8442a68
 - class loader data:  loader data: 0x00007f89e40283d0 of 'bootstrap'
 - source file:       'Services.java'
 - class annotations:       Array<T>(0x0000000000000000)
 - class type annotations:  Array<T>(0x0000000000000000)
 - field annotations:       Array<T>(0x0000000000000000)
 - field type annotations:  Array<T>(0x0000000000000000)
 - inner classes:     Array<T>(0x00007f89e8442a38)
 - nest members:     Array<T>(0x00007f89e8442a58)
 - permitted subclasses:     Array<T>(0x00000008005ce7a0)
 - java mirror:       a 'java/lang/Class'{0x00000000e0147170} = 'jdk/vm/ci/services/Services'
 - vtable length      5  (start addr: 0x0000000800c41778)
 - itable length      2 (start addr: 0x0000000800c417a0)
 - ---- static fields (3 words):
 - public static final 'IS_BUILDING_NATIVE_IMAGE' 'Z' @128 
 - public static final 'IS_IN_NATIVE_IMAGE' 'Z' @129 
 - private static volatile 'savedProperties' 'Ljava/util/Map;' @112 
 - static final 'JVMCI_ENABLED' 'Z' @130 
 - private static final 'servicesCache' 'Ljava/util/Map;' @116 
 - private static final 'MAX_UNICODE_IN_UTF8_LENGTH' 'I' @120 
 - private static final 'MAX_UTF8_PROPERTY_STRING_LENGTH' 'I' @124 
 - ---- non-static fields (0 words):
 - non-static oop maps: 
stack at sp + 4 slots: 0x00007f89cb0cb500 is pointing into the stack for thread: 0x00007f89e40b21b0
stack at sp + 5 slots: 0x00007f89eb6962fe: <offset 0x000000000093e2fe> in /nix/store/gpxl5qgg8kicmcvivwmybwjlpf7wh20l-graalvm17-ce-22.3.0/lib/server/libjvm.so at 0x00007f89ead58000
stack at sp + 6 slots: 0x00007f89cb0cb3e0 is pointing into the stack for thread: 0x00007f89e40b21b0
stack at sp + 7 slots: 0x00007f89cb0cb440 is pointing into the stack for thread: 0x00007f89e40b21b0


---------------  P R O C E S S  ---------------

Threads class SMR info:
_java_thread_list=0x00007f895800e040, length=28, elements={
0x00007f89e4026670, 0x00007f89e40a64b0, 0x00007f89e40a78f0, 0x00007f89e40ae020,
0x00007f89e40af3d0, 0x00007f89e40b07c0, 0x00007f89e40b21b0, 0x00007f89e40b36c0,
0x00007f89e40b4b10, 0x00007f89e40d7dd0, 0x00007f89e411fcc0, 0x00007f89e432c100,
0x00007f89e435fa00, 0x00007f89e43619b0, 0x00007f89e4627520, 0x00007f8980016e20,
0x00007f89802a1430, 0x00007f89804a8190, 0x00007f898060f730, 0x00007f8968001010,
0x00007f89e438cd80, 0x00007f89e43f2a30, 0x00007f896c0016a0, 0x00007f89642fdc00,
0x00007f89504b1870, 0x00007f89504b2290, 0x00007f8944003d80, 0x00007f8958038c60
}

Java Threads: ( => current thread )
  0x00007f89e4026670 JavaThread "main" [_thread_blocked, id=67, stack(0x00007f89eab73000,0x00007f89eac73000)]
  0x00007f89e40a64b0 JavaThread "Reference Handler" daemon [_thread_blocked, id=70, stack(0x00007f89e8300000,0x00007f89e8400000)]
  0x00007f89e40a78f0 JavaThread "Finalizer" daemon [_thread_blocked, id=71, stack(0x00007f89e8200000,0x00007f89e8300000)]
  0x00007f89e40ae020 JavaThread "Signal Dispatcher" daemon [_thread_blocked, id=72, stack(0x00007f89e8100000,0x00007f89e8200000)]
  0x00007f89e40af3d0 JavaThread "Service Thread" daemon [_thread_blocked, id=73, stack(0x00007f89e8000000,0x00007f89e8100000)]
  0x00007f89e40b07c0 JavaThread "Monitor Deflation Thread" daemon [_thread_blocked, id=74, stack(0x00007f89cb0cd000,0x00007f89cb1cd000)]
=>0x00007f89e40b21b0 JavaThread "JVMCI-native CompilerThread0" daemon [_thread_in_vm, id=75, stack(0x00007f89caecd000,0x00007f89cb0cd000)]
  0x00007f89e40b36c0 JavaThread "C1 CompilerThread0" daemon [_thread_blocked, id=76, stack(0x00007f89caccd000,0x00007f89caecd000)]
  0x00007f89e40b4b10 JavaThread "Sweeper thread" daemon [_thread_blocked, id=77, stack(0x00007f89cabcd000,0x00007f89caccd000)]
  0x00007f89e40d7dd0 JavaThread "Common-Cleaner" daemon [_thread_blocked, id=78, stack(0x00007f89caacd000,0x00007f89cabcd000)]
  0x00007f89e411fcc0 JavaThread "Notification Thread" daemon [_thread_blocked, id=83, stack(0x00007f89ca9cd000,0x00007f89caacd000)]
  0x00007f89e432c100 JavaThread "Active Thread: Equinox Container: 84d5acf2-e647-4527-b876-bcd73f42a940" [_thread_blocked, id=114, stack(0x00007f89ca7cb000,0x00007f89ca8cb000)]
  0x00007f89e435fa00 JavaThread "Framework Event Dispatcher: Equinox Container: 84d5acf2-e647-4527-b876-bcd73f42a940" daemon [_thread_blocked, id=116, stack(0x00007f89c8300000,0x00007f89c8400000)]
  0x00007f89e43619b0 JavaThread "Start Level: Equinox Container: 84d5acf2-e647-4527-b876-bcd73f42a940" daemon [_thread_blocked, id=117, stack(0x00007f89c8100000,0x00007f89c8200000)]
  0x00007f89e4627520 JavaThread "Refresh Thread: Equinox Container: 84d5acf2-e647-4527-b876-bcd73f42a940" daemon [_thread_blocked, id=119, stack(0x00007f8992d00000,0x00007f8992e00000)]
  0x00007f8980016e20 JavaThread "SCR Component Actor" daemon [_thread_blocked, id=135, stack(0x00007f8992b00000,0x00007f8992c00000)]
  0x00007f89802a1430 JavaThread "Worker-JM" [_thread_blocked, id=153, stack(0x00007f8992700000,0x00007f8992800000)]
  0x00007f89804a8190 JavaThread "Java indexing" daemon [_thread_blocked, id=156, stack(0x00007f8992100000,0x00007f8992200000)]
  0x00007f898060f730 JavaThread "Bundle File Closer" daemon [_thread_blocked, id=165, stack(0x00007f8991f00000,0x00007f8992000000)]
  0x00007f8968001010 JavaThread "Worker-2" [_thread_blocked, id=174, stack(0x00007f8992900000,0x00007f8992a00000)]
  0x00007f89e438cd80 JavaThread "pool-3-thread-1" [_thread_blocked, id=175, stack(0x00007f8991d00000,0x00007f8991e00000)]
  0x00007f89e43f2a30 JavaThread "pool-2-thread-1" [_thread_blocked, id=187, stack(0x00007f8991b00000,0x00007f8991c00000)]
  0x00007f896c0016a0 JavaThread "Worker-3" [_thread_blocked, id=197, stack(0x00007f8991900000,0x00007f8991a00000)]
  0x00007f89642fdc00 JavaThread "Worker-5: Java indexing... " [_thread_blocked, id=214, stack(0x00007f8991300000,0x00007f8991400000)]
  0x00007f89504b1870 JavaThread "OkHttp repo.maven.apache.org" [_thread_in_native, id=265, stack(0x00007f8991500000,0x00007f8991600000)]
  0x00007f89504b2290 JavaThread "OkHttp ConnectionPool" daemon [_thread_blocked, id=269, stack(0x00007f89c8000000,0x00007f89c8100000)]
  0x00007f8944003d80 JavaThread "OkHttp repo.maven.apache.org Writer" [_thread_blocked, id=271, stack(0x00007f8992000000,0x00007f8992100000)]
  0x00007f8958038c60 JavaThread "Thread-4" [_thread_blocked, id=598, stack(0x00007f8991700000,0x00007f8991800000)]

Other Threads:
  0x00007f89e40a1bf0 VMThread "VM Thread" [stack: 0x00007f89e8c8c000,0x00007f89e8d8c000] [id=69] _threads_hazard_ptr=0x00007f895800e040
  0x00007f89e4121a50 WatcherThread [stack: 0x00007f89ca8cd000,0x00007f89ca9cd000] [id=84]
  0x00007f89e403df10 GCTaskThread "GC Thread#0" [stack: 0x00007f89ea736000,0x00007f89ea836000] [id=68]

Threads with active compile tasks:
JVMCI-native CompilerThread0   320663 8724       4       java.lang.String::<init> (830 bytes)

VM state: synchronizing (normal execution)

VM Mutex/Monitor currently owned by a thread:  ([mutex/lock_event])
[0x00007f89e4023820] Threads_lock - owner thread: 0x00007f89e40a1bf0
[0x00007f89e4023fd0] Heap_lock - owner thread: 0x00007f89e43f2a30

OutOfMemory and StackOverflow Exception counts:
OutOfMemoryError java_heap_errors=3
LinkageErrors=66

Heap address: 0x00000000e0000000, size: 512 MB, Compressed Oops mode: 32-bit

CDS archive(s) mapped at: [0x0000000800000000-0x0000000800bc8000-0x0000000800bc8000), size 12353536, SharedBaseAddress: 0x0000000800000000, ArchiveRelocationMode: 0.
Compressed class space mapped at: 0x0000000800c00000-0x0000000840c00000, reserved size: 1073741824
Narrow klass base: 0x0000000800000000, Narrow klass shift: 0, Narrow klass range: 0x100000000

GC Precious Log:
 CPUs: 8 total, 1 available
 Memory: 1024M
 Large Page Support: Disabled
 NUMA Support: Disabled
 Compressed Oops: Enabled (32-bit)
 Alignments: Space 512K, Generation 512K, Heap 2M
 Heap Min Capacity: 100M
 Heap Initial Capacity: 100M
 Heap Max Capacity: 512M
 Pre-touch: Disabled
 Parallel Workers: 1

Heap:
 PSYoungGen      total 60928K, used 38400K [0x00000000f5580000, 0x00000000fad00000, 0x0000000100000000)
  eden space 38400K, 100% used [0x00000000f5580000,0x00000000f7b00000,0x00000000f7b00000)
  from space 22528K, 0% used [0x00000000f9700000,0x00000000f9700000,0x00000000fad00000)
  to   space 15360K, 0% used [0x00000000f7b00000,0x00000000f7b00000,0x00000000f8a00000)
 ParOldGen       total 349696K, used 349695K [0x00000000e0000000, 0x00000000f5580000, 0x00000000f5580000)
  object space 349696K, 99% used [0x00000000e0000000,0x00000000f557ffe8,0x00000000f5580000)
 Metaspace       used 59105K, committed 60288K, reserved 1105920K
  class space    used 5902K, committed 6336K, reserved 1048576K

Card table byte_map: [0x00007f89ea836000,0x00007f89ea937000] _byte_map_base: 0x00007f89ea136000

Marking Bits: (ParMarkBitMap*) 0x00007f89ebf864c0
 Begin Bits: [0x00007f89e9689000, 0x00007f89e9e89000)
 End Bits:   [0x00007f89e9e89000, 0x00007f89ea689000)

Polling page: 0x00007f89eab50000

Metaspace:

Usage:
  Non-class:     51.96 MB used.
      Class:      5.76 MB used.
       Both:     57.72 MB used.

Virtual space:
  Non-class space:       56.00 MB reserved,      52.69 MB ( 94%) committed,  7 nodes.
      Class space:        1.00 GB reserved,       6.19 MB ( <1%) committed,  1 nodes.
             Both:        1.05 GB reserved,      58.88 MB (  5%) committed. 

Chunk freelists:
   Non-Class:  2.87 MB
       Class:  1.82 MB
        Both:  4.70 MB

MaxMetaspaceSize: unlimited
CompressedClassSpaceSize: 1.00 GB
Initial GC threshold: 21.00 MB
Current GC threshold: 98.12 MB
CDS: on
MetaspaceReclaimPolicy: balanced
 - commit_granule_bytes: 65536.
 - commit_granule_words: 8192.
 - virtual_space_node_default_size: 1048576.
 - enlarge_chunks_in_place: 1.
 - new_chunks_are_fully_committed: 0.
 - uncommit_free_chunks: 1.
 - use_allocation_guard: 0.
 - handle_deallocations: 1.


Internal statistics:

num_allocs_failed_limit: 6.
num_arena_births: 496.
num_arena_deaths: 148.
num_vsnodes_births: 8.
num_vsnodes_deaths: 0.
num_space_committed: 941.
num_space_uncommitted: 0.
num_chunks_returned_to_freelist: 208.
num_chunks_taken_from_freelist: 2846.
num_chunk_merges: 88.
num_chunk_splits: 1841.
num_chunks_enlarged: 1129.
num_purges: 16.
num_inconsistent_stats: 0.

CodeHeap 'non-profiled nmethods': size=120036Kb used=2690Kb max_used=2690Kb free=117345Kb
 bounds [0x00007f89d2f7a000, 0x00007f89d322a000, 0x00007f89da4b3000]
CodeHeap 'profiled nmethods': size=120032Kb used=13952Kb max_used=15632Kb free=106079Kb
 bounds [0x00007f89cba42000, 0x00007f89cc992000, 0x00007f89d2f7a000]
CodeHeap 'non-nmethods': size=5692Kb used=1392Kb max_used=1398Kb free=4299Kb
 bounds [0x00007f89cb4b3000, 0x00007f89cb723000, 0x00007f89cba42000]
 total_blobs=7446 nmethods=6715 adapters=629
 compilation: enabled
              stopped_count=0, restarted_count=0
 full_count=0

JVMCI Events (20 events):
Event: 169.665 Thread 0x00007f89e40b21b0 compacted oop handles in JVMCI runtime 0 from 73 to 70
Event: 186.062 Thread 0x00007f89e40b21b0 compacted oop handles in JVMCI runtime 0 from 163 to 150
Event: 186.062 Thread 0x00007f89e40b21b0 compacted oop handles in JVMCI runtime 0 from 151 to 100
Event: 190.679 Thread 0x00007f89e40b21b0 compacted oop handles in JVMCI runtime 0 from 109 to 108
Event: 193.684 Thread 0x00007f89e40b21b0 compacted oop handles in JVMCI runtime 0 from 144 to 138
Event: 193.684 Thread 0x00007f89e40b21b0 compacted oop handles in JVMCI runtime 0 from 139 to 80
Event: 193.689 Thread 0x00007f89e40b21b0 compacted oop handles in JVMCI runtime 0 from 96 to 95
Event: 208.205 Thread 0x00007f89e40b21b0 compacted oop handles in JVMCI runtime 0 from 120 to 82
Event: 218.759 Thread 0x00007f89e40b21b0 compacted oop handles in JVMCI runtime 0 from 105 to 104
Event: 220.168 Thread 0x00007f89e40b21b0 detaching from JVMCI runtime 0: releasing idle compiler thread (0 other threads still attached)
Event: 220.168 Thread 0x00007f89e40b21b0 shutting down HotSpotJVMCIRuntime for JVMCI runtime 0
Event: 222.858 Thread 0x00007f89e40b21b0 shut down JVMCI runtime 0
Event: 224.162 Thread 0x00007f89e40b21b0 destroyed JavaVM[3]@0x00007f8923a9e340 for JVMCI runtime 0
Event: 224.162 Thread 0x00007f89e40b21b0 compacted oop handles in JVMCI runtime 0 from 104 to 104
Event: 224.162 Thread 0x00007f89e40b21b0 releasing handles for JVMCI runtime 0: oop handles=104, metadata handles={total=480, live=476, blocks=43}
Event: 224.162 Thread 0x00007f89e40b21b0 detached from JVMCI runtime 0
Event: 281.916 Thread 0x00007f89e40b21b0 attached to JVMCI runtime 0
Event: 281.917 Thread 0x00007f89e40b21b0 created JavaVM[4]@0x00007f8923a9e340 for JVMCI runtime 0
Event: 281.917 Thread 0x00007f89e40b21b0 initializing JVMCI runtime 0
Event: 281.917 Thread 0x00007f89e40b21b0 done waiting for JavaVM references initialization in JVMCI runtime 0

Compilation events (20 events):
Event: 206.872 Thread 0x00007f89e40b21b0 nmethod 8719 0x00007f89d3217b10 code [0x00007f89d3217ca0, 0x00007f89d3218310]
Event: 206.873 Thread 0x00007f89e40b21b0 8693       4       java.net.URI::match (56 bytes)
Event: 208.207 Thread 0x00007f89e40b21b0 nmethod 8693 0x00007f89d3218510 code [0x00007f89d3218680, 0x00007f89d3218750]
Event: 208.207 Thread 0x00007f89e40b21b0 8699       4       java.util.Hashtable::addEntry (87 bytes)
Event: 209.496 Thread 0x00007f89e40b21b0 nmethod 8699 0x00007f89d3218810 code [0x00007f89d32189a0, 0x00007f89d3218c18]
Event: 209.496 Thread 0x00007f89e40b21b0 8702       4       java.util.Hashtable$Enumerator::nextElement (111 bytes)
Event: 209.498 Thread 0x00007f89e40b21b0 nmethod 8702 0x00007f89d3218e90 code [0x00007f89d3219000, 0x00007f89d32190d0]
Event: 209.498 Thread 0x00007f89e40b21b0 8714       4       org.eclipse.jdt.internal.core.JrtPackageFragmentRoot::hashCode (41 bytes)
Event: 209.508 Thread 0x00007f89e40b21b0 nmethod 8714 0x00007f89d3219210 code [0x00007f89d32193a0, 0x00007f89d3219880]
Event: 209.508 Thread 0x00007f89e40b21b0 8698       4       java.util.Hashtable$Enumerator::next (27 bytes)
Event: 214.780 Thread 0x00007f89e40b21b0 nmethod 8698 0x00007f89d3219b10 code [0x00007f89d3219c80, 0x00007f89d3219da0]
Event: 214.780 Thread 0x00007f89e40b21b0 8695       4       java.lang.Class::getPackageName (81 bytes)
Event: 218.759 Thread 0x00007f89e40b21b0 nmethod 8695 0x00007f89d3219f10 code [0x00007f89d321a0c0, 0x00007f89d321a540]
Event: 228.210 Thread 0x00007f89e40b36c0 8723       3       java.util.concurrent.Executors$RunnableAdapter::call (14 bytes)
Event: 228.210 Thread 0x00007f89e40b36c0 nmethod 8723 0x00007f89cbfc2b90 code [0x00007f89cbfc2d40, 0x00007f89cbfc3080]
Event: 281.916 Thread 0x00007f89e40b21b0 8724       4       java.lang.String::<init> (830 bytes)
Event: 284.915 Thread 0x00007f89e40b36c0 8725       3       com.google.gson.stream.JsonReader::nextName (116 bytes)
Event: 290.702 Thread 0x00007f89e40b36c0 nmethod 8725 0x00007f89cc432f90 code [0x00007f89cc433260, 0x00007f89cc4346c0]
Event: 290.702 Thread 0x00007f89e40b36c0 8726  s    3       org.eclipse.jdt.internal.core.search.processing.JobManager::awaitingJobsCount (21 bytes)
Event: 290.702 Thread 0x00007f89e40b36c0 nmethod 8726 0x00007f89cbd4c610 code [0x00007f89cbd4c7c0, 0x00007f89cbd4cbe0]

GC Heap History (20 events):
Event: 306.581 GC heap before
{Heap before GC invocations=325 (full 175):
 PSYoungGen      total 60928K, used 38400K [0x00000000f5580000, 0x00000000fad00000, 0x0000000100000000)
  eden space 38400K, 100% used [0x00000000f5580000,0x00000000f7b00000,0x00000000f7b00000)
  from space 22528K, 0% used [0x00000000f9700000,0x00000000f9700000,0x00000000fad00000)
  to   space 15360K, 0% used [0x00000000f7b00000,0x00000000f7b00000,0x00000000f8a00000)
 ParOldGen       total 349696K, used 349694K [0x00000000e0000000, 0x00000000f5580000, 0x00000000f5580000)
  object space 349696K, 99% used [0x00000000e0000000,0x00000000f557faa0,0x00000000f5580000)
 Metaspace       used 59105K, committed 60288K, reserved 1105920K
  class space    used 5902K, committed 6336K, reserved 1048576K
}
Event: 307.863 GC heap after
{Heap after GC invocations=325 (full 175):
 PSYoungGen      total 53760K, used 38399K [0x00000000f5580000, 0x00000000fad00000, 0x0000000100000000)
  eden space 38400K, 99% used [0x00000000f5580000,0x00000000f7affef8,0x00000000f7b00000)
  from space 15360K, 0% used [0x00000000f7b00000,0x00000000f7b00000,0x00000000f8a00000)
  to   space 22528K, 0% used [0x00000000f9700000,0x00000000f9700000,0x00000000fad00000)
 ParOldGen       total 349696K, used 349694K [0x00000000e0000000, 0x00000000f5580000, 0x00000000f5580000)
  object space 349696K, 99% used [0x00000000e0000000,0x00000000f557fa88,0x00000000f5580000)
 Metaspace       used 59105K, committed 60288K, reserved 1105920K
  class space    used 5902K, committed 6336K, reserved 1048576K
}
Event: 307.863 GC heap before
{Heap before GC invocations=326 (full 176):
 PSYoungGen      total 53760K, used 38400K [0x00000000f5580000, 0x00000000fad00000, 0x0000000100000000)
  eden space 38400K, 100% used [0x00000000f5580000,0x00000000f7b00000,0x00000000f7b00000)
  from space 15360K, 0% used [0x00000000f7b00000,0x00000000f7b00000,0x00000000f8a00000)
  to   space 22528K, 0% used [0x00000000f9700000,0x00000000f9700000,0x00000000fad00000)
 ParOldGen       total 349696K, used 349694K [0x00000000e0000000, 0x00000000f5580000, 0x00000000f5580000)
  object space 349696K, 99% used [0x00000000e0000000,0x00000000f557fa88,0x00000000f5580000)
 Metaspace       used 59105K, committed 60288K, reserved 1105920K
  class space    used 5902K, committed 6336K, reserved 1048576K
}
Event: 309.224 GC heap after
{Heap after GC invocations=326 (full 176):
 PSYoungGen      total 60928K, used 38399K [0x00000000f5580000, 0x00000000fad00000, 0x0000000100000000)
  eden space 38400K, 99% used [0x00000000f5580000,0x00000000f7afff98,0x00000000f7b00000)
  from space 22528K, 0% used [0x00000000f9700000,0x00000000f9700000,0x00000000fad00000)
  to   space 15360K, 0% used [0x00000000f7b00000,0x00000000f7b00000,0x00000000f8a00000)
 ParOldGen       total 349696K, used 349694K [0x00000000e0000000, 0x00000000f5580000, 0x00000000f5580000)
  object space 349696K, 99% used [0x00000000e0000000,0x00000000f557fa58,0x00000000f5580000)
 Metaspace       used 59105K, committed 60288K, reserved 1105920K
  class space    used 5902K, committed 6336K, reserved 1048576K
}
Event: 309.224 GC heap before
{Heap before GC invocations=327 (full 177):
 PSYoungGen      total 60928K, used 38400K [0x00000000f5580000, 0x00000000fad00000, 0x0000000100000000)
  eden space 38400K, 100% used [0x00000000f5580000,0x00000000f7b00000,0x00000000f7b00000)
  from space 22528K, 0% used [0x00000000f9700000,0x00000000f9700000,0x00000000fad00000)
  to   space 15360K, 0% used [0x00000000f7b00000,0x00000000f7b00000,0x00000000f8a00000)
 ParOldGen       total 349696K, used 349694K [0x00000000e0000000, 0x00000000f5580000, 0x00000000f5580000)
  object space 349696K, 99% used [0x00000000e0000000,0x00000000f557fa58,0x00000000f5580000)
 Metaspace       used 59105K, committed 60288K, reserved 1105920K
  class space    used 5902K, committed 6336K, reserved 1048576K
}
Event: 310.469 GC heap after
{Heap after GC invocations=327 (full 177):
 PSYoungGen      total 53760K, used 38399K [0x00000000f5580000, 0x00000000fad00000, 0x0000000100000000)
  eden space 38400K, 99% used [0x00000000f5580000,0x00000000f7affff0,0x00000000f7b00000)
  from space 15360K, 0% used [0x00000000f7b00000,0x00000000f7b00000,0x00000000f8a00000)
  to   space 22528K, 0% used [0x00000000f9700000,0x00000000f9700000,0x00000000fad00000)
 ParOldGen       total 349696K, used 349692K [0x00000000e0000000, 0x00000000f5580000, 0x00000000f5580000)
  object space 349696K, 99% used [0x00000000e0000000,0x00000000f557f008,0x00000000f5580000)
 Metaspace       used 59105K, committed 60288K, reserved 1105920K
  class space    used 5902K, committed 6336K, reserved 1048576K
}
Event: 310.469 GC heap before
{Heap before GC invocations=328 (full 178):
 PSYoungGen      total 53760K, used 38400K [0x00000000f5580000, 0x00000000fad00000, 0x0000000100000000)
  eden space 38400K, 100% used [0x00000000f5580000,0x00000000f7b00000,0x00000000f7b00000)
  from space 15360K, 0% used [0x00000000f7b00000,0x00000000f7b00000,0x00000000f8a00000)
  to   space 22528K, 0% used [0x00000000f9700000,0x00000000f9700000,0x00000000fad00000)
 ParOldGen       total 349696K, used 349694K [0x00000000e0000000, 0x00000000f5580000, 0x00000000f5580000)
  object space 349696K, 99% used [0x00000000e0000000,0x00000000f557fa38,0x00000000f5580000)
 Metaspace       used 59105K, committed 60288K, reserved 1105920K
  class space    used 5902K, committed 6336K, reserved 1048576K
}
Event: 311.797 GC heap after
{Heap after GC invocations=328 (full 178):
 PSYoungGen      total 60928K, used 38399K [0x00000000f5580000, 0x00000000fad00000, 0x0000000100000000)
  eden space 38400K, 99% used [0x00000000f5580000,0x00000000f7afffc0,0x00000000f7b00000)
  from space 22528K, 0% used [0x00000000f9700000,0x00000000f9700000,0x00000000fad00000)
  to   space 15360K, 0% used [0x00000000f7b00000,0x00000000f7b00000,0x00000000f8a00000)
 ParOldGen       total 349696K, used 349694K [0x00000000e0000000, 0x00000000f5580000, 0x00000000f5580000)
  object space 349696K, 99% used [0x00000000e0000000,0x00000000f557f820,0x00000000f5580000)
 Metaspace       used 59105K, committed 60288K, reserved 1105920K
  class space    used 5902K, committed 6336K, reserved 1048576K
}
Event: 311.798 GC heap before
{Heap before GC invocations=329 (full 179):
 PSYoungGen      total 60928K, used 38399K [0x00000000f5580000, 0x00000000fad00000, 0x0000000100000000)
  eden space 38400K, 99% used [0x00000000f5580000,0x00000000f7affff0,0x00000000f7b00000)
  from space 22528K, 0% used [0x00000000f9700000,0x00000000f9700000,0x00000000fad00000)
  to   space 15360K, 0% used [0x00000000f7b00000,0x00000000f7b00000,0x00000000f8a00000)
 ParOldGen       total 349696K, used 349694K [0x00000000e0000000, 0x00000000f5580000, 0x00000000f5580000)
  object space 349696K, 99% used [0x00000000e0000000,0x00000000f557f820,0x00000000f5580000)
 Metaspace       used 59105K, committed 60288K, reserved 1105920K
  class space    used 5902K, committed 6336K, reserved 1048576K
}
Event: 313.063 GC heap after
{Heap after GC invocations=329 (full 179):
 PSYoungGen      total 53760K, used 38399K [0x00000000f5580000, 0x00000000fad00000, 0x0000000100000000)
  eden space 38400K, 99% used [0x00000000f5580000,0x00000000f7afffc0,0x00000000f7b00000)
  from space 15360K, 0% used [0x00000000f7b00000,0x00000000f7b00000,0x00000000f8a00000)
  to   space 22528K, 0% used [0x00000000f9700000,0x00000000f9700000,0x00000000fad00000)
 ParOldGen       total 349696K, used 349693K [0x00000000e0000000, 0x00000000f5580000, 0x00000000f5580000)
  object space 349696K, 99% used [0x00000000e0000000,0x00000000f557f7c8,0x00000000f5580000)
 Metaspace       used 59105K, committed 60288K, reserved 1105920K
  class space    used 5902K, committed 6336K, reserved 1048576K
}
Event: 313.064 GC heap before
{Heap before GC invocations=330 (full 180):
 PSYoungGen      total 53760K, used 38400K [0x00000000f5580000, 0x00000000fad00000, 0x0000000100000000)
  eden space 38400K, 100% used [0x00000000f5580000,0x00000000f7b00000,0x00000000f7b00000)
  from space 15360K, 0% used [0x00000000f7b00000,0x00000000f7b00000,0x00000000f8a00000)
  to   space 22528K, 0% used [0x00000000f9700000,0x00000000f9700000,0x00000000fad00000)
 ParOldGen       total 349696K, used 349693K [0x00000000e0000000, 0x00000000f5580000, 0x00000000f5580000)
  object space 349696K, 99% used [0x00000000e0000000,0x00000000f557f7c8,0x00000000f5580000)
 Metaspace       used 59105K, committed 60288K, reserved 1105920K
  class space    used 5902K, committed 6336K, reserved 1048576K
}
Event: 314.468 GC heap after
{Heap after GC invocations=330 (full 180):
 PSYoungGen      total 60928K, used 38400K [0x00000000f5580000, 0x00000000fad00000, 0x0000000100000000)
  eden space 38400K, 100% used [0x00000000f5580000,0x00000000f7b00000,0x00000000f7b00000)
  from space 22528K, 0% used [0x00000000f9700000,0x00000000f9700000,0x00000000fad00000)
  to   space 15360K, 0% used [0x00000000f7b00000,0x00000000f7b00000,0x00000000f8a00000)
 ParOldGen       total 349696K, used 349693K [0x00000000e0000000, 0x00000000f5580000, 0x00000000f5580000)
  object space 349696K, 99% used [0x00000000e0000000,0x00000000f557f7a8,0x00000000f5580000)
 Metaspace       used 59105K, committed 60288K, reserved 1105920K
  class space    used 5902K, committed 6336K, reserved 1048576K
}
Event: 314.469 GC heap before
{Heap before GC invocations=331 (full 181):
 PSYoungGen      total 60928K, used 38400K [0x00000000f5580000, 0x00000000fad00000, 0x0000000100000000)
  eden space 38400K, 100% used [0x00000000f5580000,0x00000000f7b00000,0x00000000f7b00000)
  from space 22528K, 0% used [0x00000000f9700000,0x00000000f9700000,0x00000000fad00000)
  to   space 15360K, 0% used [0x00000000f7b00000,0x00000000f7b00000,0x00000000f8a00000)
 ParOldGen       total 349696K, used 349695K [0x00000000e0000000, 0x00000000f5580000, 0x00000000f5580000)
  object space 349696K, 99% used [0x00000000e0000000,0x00000000f557fff0,0x00000000f5580000)
 Metaspace       used 59105K, committed 60288K, reserved 1105920K
  class space    used 5902K, committed 6336K, reserved 1048576K
}
Event: 315.724 GC heap after
{Heap after GC invocations=331 (full 181):
 PSYoungGen      total 53760K, used 38399K [0x00000000f5580000, 0x00000000fad00000, 0x0000000100000000)
  eden space 38400K, 99% used [0x00000000f5580000,0x00000000f7afff98,0x00000000f7b00000)
  from space 15360K, 0% used [0x00000000f7b00000,0x00000000f7b00000,0x00000000f8a00000)
  to   space 22528K, 0% used [0x00000000f9700000,0x00000000f9700000,0x00000000fad00000)
 ParOldGen       total 349696K, used 349695K [0x00000000e0000000, 0x00000000f5580000, 0x00000000f5580000)
  object space 349696K, 99% used [0x00000000e0000000,0x00000000f557ff00,0x00000000f5580000)
 Metaspace       used 59105K, committed 60288K, reserved 1105920K
  class space    used 5902K, committed 6336K, reserved 1048576K
}
Event: 315.724 GC heap before
{Heap before GC invocations=332 (full 182):
 PSYoungGen      total 53760K, used 38400K [0x00000000f5580000, 0x00000000fad00000, 0x0000000100000000)
  eden space 38400K, 100% used [0x00000000f5580000,0x00000000f7b00000,0x00000000f7b00000)
  from space 15360K, 0% used [0x00000000f7b00000,0x00000000f7b00000,0x00000000f8a00000)
  to   space 22528K, 0% used [0x00000000f9700000,0x00000000f9700000,0x00000000fad00000)
 ParOldGen       total 349696K, used 349695K [0x00000000e0000000, 0x00000000f5580000, 0x00000000f5580000)
  object space 349696K, 99% used [0x00000000e0000000,0x00000000f557ff00,0x00000000f5580000)
 Metaspace       used 59105K, committed 60288K, reserved 1105920K
  class space    used 5902K, committed 6336K, reserved 1048576K
}
Event: 317.362 GC heap after
{Heap after GC invocations=332 (full 182):
 PSYoungGen      total 60928K, used 38400K [0x00000000f5580000, 0x00000000fad00000, 0x0000000100000000)
  eden space 38400K, 100% used [0x00000000f5580000,0x00000000f7b00000,0x00000000f7b00000)
  from space 22528K, 0% used [0x00000000f9700000,0x00000000f9700000,0x00000000fad00000)
  to   space 15360K, 0% used [0x00000000f7b00000,0x00000000f7b00000,0x00000000f8a00000)
 ParOldGen       total 349696K, used 349695K [0x00000000e0000000, 0x00000000f5580000, 0x00000000f5580000)
  object space 349696K, 99% used [0x00000000e0000000,0x00000000f557ff00,0x00000000f5580000)
 Metaspace       used 59105K, committed 60288K, reserved 1105920K
  class space    used 5902K, committed 6336K, reserved 1048576K
}
Event: 317.368 GC heap before
{Heap before GC invocations=333 (full 183):
 PSYoungGen      total 60928K, used 38400K [0x00000000f5580000, 0x00000000fad00000, 0x0000000100000000)
  eden space 38400K, 100% used [0x00000000f5580000,0x00000000f7b00000,0x00000000f7b00000)
  from space 22528K, 0% used [0x00000000f9700000,0x00000000f9700000,0x00000000fad00000)
  to   space 15360K, 0% used [0x00000000f7b00000,0x00000000f7b00000,0x00000000f8a00000)
 ParOldGen       total 349696K, used 349695K [0x00000000e0000000, 0x00000000f5580000, 0x00000000f5580000)
  object space 349696K, 99% used [0x00000000e0000000,0x00000000f557ff68,0x00000000f5580000)
 Metaspace       used 59105K, committed 60288K, reserved 1105920K
  class space    used 5902K, committed 6336K, reserved 1048576K
}
Event: 319.094 GC heap after
{Heap after GC invocations=333 (full 183):
 PSYoungGen      total 53760K, used 38400K [0x00000000f5580000, 0x00000000fad00000, 0x0000000100000000)
  eden space 38400K, 100% used [0x00000000f5580000,0x00000000f7b00000,0x00000000f7b00000)
  from space 15360K, 0% used [0x00000000f7b00000,0x00000000f7b00000,0x00000000f8a00000)
  to   space 22528K, 0% used [0x00000000f9700000,0x00000000f9700000,0x00000000fad00000)
 ParOldGen       total 349696K, used 349695K [0x00000000e0000000, 0x00000000f5580000, 0x00000000f5580000)
  object space 349696K, 99% used [0x00000000e0000000,0x00000000f557ff18,0x00000000f5580000)
 Metaspace       used 59105K, committed 60288K, reserved 1105920K
  class space    used 5902K, committed 6336K, reserved 1048576K
}
Event: 319.094 GC heap before
{Heap before GC invocations=334 (full 184):
 PSYoungGen      total 53760K, used 38400K [0x00000000f5580000, 0x00000000fad00000, 0x0000000100000000)
  eden space 38400K, 100% used [0x00000000f5580000,0x00000000f7b00000,0x00000000f7b00000)
  from space 15360K, 0% used [0x00000000f7b00000,0x00000000f7b00000,0x00000000f8a00000)
  to   space 22528K, 0% used [0x00000000f9700000,0x00000000f9700000,0x00000000fad00000)
 ParOldGen       total 349696K, used 349695K [0x00000000e0000000, 0x00000000f5580000, 0x00000000f5580000)
  object space 349696K, 99% used [0x00000000e0000000,0x00000000f557ff18,0x00000000f5580000)
 Metaspace       used 59105K, committed 60288K, reserved 1105920K
  class space    used 5902K, committed 6336K, reserved 1048576K
}
Event: 320.582 GC heap after
{Heap after GC invocations=334 (full 184):
 PSYoungGen      total 60928K, used 38400K [0x00000000f5580000, 0x00000000fad00000, 0x0000000100000000)
  eden space 38400K, 100% used [0x00000000f5580000,0x00000000f7b00000,0x00000000f7b00000)
  from space 22528K, 0% used [0x00000000f9700000,0x00000000f9700000,0x00000000fad00000)
  to   space 15360K, 0% used [0x00000000f7b00000,0x00000000f7b00000,0x00000000f8a00000)
 ParOldGen       total 349696K, used 349695K [0x00000000e0000000, 0x00000000f5580000, 0x00000000f5580000)
  object space 349696K, 99% used [0x00000000e0000000,0x00000000f557ff18,0x00000000f5580000)
 Metaspace       used 59105K, committed 60288K, reserved 1105920K
  class space    used 5902K, committed 6336K, reserved 1048576K
}

Dll operation events (9 events):
Event: 0.003 Loaded shared library /nix/store/gpxl5qgg8kicmcvivwmybwjlpf7wh20l-graalvm17-ce-22.3.0/lib/libjava.so
Event: 0.100 Loaded shared library /nix/store/gpxl5qgg8kicmcvivwmybwjlpf7wh20l-graalvm17-ce-22.3.0/lib/libjsvml.so
Event: 0.279 Loaded shared library /nix/store/gpxl5qgg8kicmcvivwmybwjlpf7wh20l-graalvm17-ce-22.3.0/lib/libnio.so
Event: 0.294 Loaded shared library /nix/store/gpxl5qgg8kicmcvivwmybwjlpf7wh20l-graalvm17-ce-22.3.0/lib/libjvmcicompiler.so
Event: 0.299 Loaded shared library /nix/store/gpxl5qgg8kicmcvivwmybwjlpf7wh20l-graalvm17-ce-22.3.0/lib/libzip.so
Event: 0.665 Loaded shared library /nix/store/gpxl5qgg8kicmcvivwmybwjlpf7wh20l-graalvm17-ce-22.3.0/lib/libjimage.so
Event: 1.261 Loaded shared library /nix/store/gpxl5qgg8kicmcvivwmybwjlpf7wh20l-graalvm17-ce-22.3.0/lib/libnet.so
Event: 4.464 Loaded shared library /home/runner/.cache/jdt-language-server/config/org.eclipse.equinox.launcher/org.eclipse.equinox.launcher.gtk.linux.x86_64_1.2.400.v20211117-0650/eclipse_11600.so
Event: 17.964 Loaded shared library /nix/store/gpxl5qgg8kicmcvivwmybwjlpf7wh20l-graalvm17-ce-22.3.0/lib/libextnet.so

Deoptimization events (20 events):
Event: 164.327 Thread 0x00007f8958038c60 Uncommon trap: trap_request=0xffffff1c fr.pc=0x00007f89d31cbac3 relative=0x0000000000000903
Event: 164.327 Thread 0x00007f8958038c60 Uncommon trap: reason=not_compiled_exception_handler action=make_not_entrant pc=0x00007f89d31cbac3 method=jdk.internal.jrtfs.JrtFileSystem.checkNode(Ljdk/internal/jrtfs/JrtPath;)Ljdk/internal/jimage/ImageReader$Node; @ 24 jvmci
Event: 164.327 Thread 0x00007f8958038c60 DEOPT PACKING pc=0x00007f89d31cbac3 sp=0x00007f89917fd1c0
Event: 164.328 Thread 0x00007f8958038c60 DEOPT UNPACKING pc=0x00007f89cb505325 sp=0x00007f89917fc558 mode 3
Event: 164.328 Thread 0x00007f8958038c60 DEOPT PACKING pc=0x00007f89d31c35a0 sp=0x00007f89917fd350
Event: 164.328 Thread 0x00007f8958038c60 DEOPT UNPACKING pc=0x00007f89cb505325 sp=0x00007f89917fc7f0 mode 1
Event: 164.329 Thread 0x00007f8958038c60 Uncommon trap: trap_request=0xffffff1c fr.pc=0x00007f89d31d02a3 relative=0x00000000000004c3
Event: 164.329 Thread 0x00007f8958038c60 Uncommon trap: reason=not_compiled_exception_handler action=make_not_entrant pc=0x00007f89d31d02a3 method=jdk.internal.jrtfs.JrtFileSystem.checkNode(Ljdk/internal/jrtfs/JrtPath;)Ljdk/internal/jimage/ImageReader$Node; @ 24 jvmci
Event: 164.329 Thread 0x00007f8958038c60 DEOPT PACKING pc=0x00007f89d31d02a3 sp=0x00007f89917fd1d0
Event: 164.329 Thread 0x00007f8958038c60 DEOPT UNPACKING pc=0x00007f89cb505325 sp=0x00007f89917fc610 mode 3
Event: 164.329 Thread 0x00007f8958038c60 DEOPT PACKING pc=0x00007f89d31d664c sp=0x00007f89917fd510
Event: 164.329 Thread 0x00007f8958038c60 DEOPT UNPACKING pc=0x00007f89cb505325 sp=0x00007f89917fc860 mode 1
Event: 290.702 Thread 0x00007f89642fdc00 Uncommon trap: trap_request=0xffffff8f fr.pc=0x00007f89d2fbbe30 relative=0x0000000000000290
Event: 290.702 Thread 0x00007f89642fdc00 Uncommon trap: reason=constraint action=none pc=0x00007f89d2fbbe30 method=java.util.Arrays.copyOfRange([BII)[B @ 61 jvmci
Event: 292.096 Thread 0x00007f89642fdc00 DEOPT PACKING pc=0x00007f89d2fbbe30 sp=0x00007f89913fe450
Event: 292.096 Thread 0x00007f89642fdc00 DEOPT UNPACKING pc=0x00007f89cb505325 sp=0x00007f89913fd850 mode 3
Event: 301.280 Thread 0x00007f89804a8190 Uncommon trap: trap_request=0xffffff8f fr.pc=0x00007f89d3206d38 relative=0x0000000000001078
Event: 301.280 Thread 0x00007f89804a8190 Uncommon trap: reason=constraint action=none pc=0x00007f89d3206d38 method=org.eclipse.jdt.internal.core.index.DiskIndex.copyQueryResults(Lorg/eclipse/jdt/internal/compiler/util/HashtableOfObject;I)V @ 123 jvmci
Event: 301.280 Thread 0x00007f89804a8190 DEOPT PACKING pc=0x00007f89d3206d38 sp=0x00007f89921fe550
Event: 301.280 Thread 0x00007f89804a8190 DEOPT UNPACKING pc=0x00007f89cb505325 sp=0x00007f89921fda28 mode 3

Classes unloaded (20 events):
Event: 175.048 Thread 0x00007f89e40a1bf0 Unloading class 0x000000080112fc00 'jdk/internal/reflect/GeneratedSerializationConstructorAccessor13'
Event: 175.048 Thread 0x00007f89e40a1bf0 Unloading class 0x000000080112f800 'jdk/internal/reflect/GeneratedSerializationConstructorAccessor12'
Event: 175.048 Thread 0x00007f89e40a1bf0 Unloading class 0x000000080112f400 'jdk/internal/reflect/GeneratedMethodAccessor12'
Event: 175.048 Thread 0x00007f89e40a1bf0 Unloading class 0x000000080112ec00 'jdk/internal/reflect/GeneratedSerializationConstructorAccessor11'
Event: 175.048 Thread 0x00007f89e40a1bf0 Unloading class 0x000000080112e800 'jdk/internal/reflect/GeneratedSerializationConstructorAccessor10'
Event: 175.048 Thread 0x00007f89e40a1bf0 Unloading class 0x000000080112e400 'jdk/internal/reflect/GeneratedSerializationConstructorAccessor9'
Event: 175.048 Thread 0x00007f89e40a1bf0 Unloading class 0x000000080112e000 'jdk/internal/reflect/GeneratedSerializationConstructorAccessor8'
Event: 175.048 Thread 0x00007f89e40a1bf0 Unloading class 0x0000000801124000 'jdk/internal/reflect/GeneratedSerializationConstructorAccessor7'
Event: 175.048 Thread 0x00007f89e40a1bf0 Unloading class 0x0000000801121c00 'jdk/internal/reflect/GeneratedSerializationConstructorAccessor6'
Event: 175.048 Thread 0x00007f89e40a1bf0 Unloading class 0x0000000801121800 'jdk/internal/reflect/GeneratedSerializationConstructorAccessor5'
Event: 175.048 Thread 0x00007f89e40a1bf0 Unloading class 0x0000000801121400 'jdk/internal/reflect/GeneratedSerializationConstructorAccessor4'
Event: 175.048 Thread 0x00007f89e40a1bf0 Unloading class 0x00000008010cc000 'jdk/internal/reflect/GeneratedSerializationConstructorAccessor3'
Event: 175.048 Thread 0x00007f89e40a1bf0 Unloading class 0x000000080109a400 'jdk/internal/reflect/GeneratedSerializationConstructorAccessor2'
Event: 175.048 Thread 0x00007f89e40a1bf0 Unloading class 0x000000080109a000 'jdk/internal/reflect/GeneratedSerializationConstructorAccessor1'
Event: 185.203 Thread 0x00007f89e40a1bf0 Unloading class 0x00000008010f4c00 'jdk/internal/reflect/GeneratedMethodAccessor10'
Event: 185.203 Thread 0x00007f89e40a1bf0 Unloading class 0x00000008010f4800 'jdk/internal/reflect/GeneratedMethodAccessor9'
Event: 185.203 Thread 0x00007f89e40a1bf0 Unloading class 0x00000008010f4400 'jdk/internal/reflect/GeneratedMethodAccessor8'
Event: 185.203 Thread 0x00007f89e40a1bf0 Unloading class 0x00000008010f4000 'jdk/internal/reflect/GeneratedMethodAccessor7'
Event: 187.074 Thread 0x00007f89e40a1bf0 Unloading class 0x000000080112f000 'jdk/internal/reflect/GeneratedMethodAccessor11'
Event: 190.195 Thread 0x00007f89e40a1bf0 Unloading class 0x000000080112b000 'jdk/internal/reflect/GeneratedConstructorAccessor37'

Classes redefined (0 events):
No events

Internal exceptions (20 events):
Event: 44.072 Thread 0x00007f894c000ff0 Exception <a 'java/lang/NoSuchMethodError'{0x00000000f55e3610}: 'java.lang.Object java.lang.invoke.DirectMethodHandle$Holder.newInvokeSpecial(java.lang.Object, java.lang.Object, java.lang.Object, long)'> (0x00000000f55e3610) 
thrown [src/hotspot/share/interpreter/linkResolver.cpp, line 758]
Event: 44.072 Thread 0x00007f894c000ff0 Exception <a 'java/lang/NoSuchMethodError'{0x00000000f55e89a8}: 'java.lang.Object java.lang.invoke.DirectMethodHandle$Holder.invokeSpecial(java.lang.Object, java.lang.Object, java.lang.Object, java.lang.Object, long)'> (0x00000000f55e89a8) 
thrown [src/hotspot/share/interpreter/linkResolver.cpp, line 758]
Event: 44.073 Thread 0x00007f894c000ff0 Exception <a 'java/lang/NoSuchMethodError'{0x00000000f55ec9e8}: 'java.lang.Object java.lang.invoke.Invokers$Holder.linkToTargetMethod(java.lang.Object, java.lang.Object, long, java.lang.Object)'> (0x00000000f55ec9e8) 
thrown [src/hotspot/share/interpreter/linkResolver.cpp, line 758]
Event: 45.273 Thread 0x00007f894c000ff0 Exception <a 'java/io/FileNotFoundException'{0x00000000f56e6f88}> (0x00000000f56e6f88) 
thrown [src/hotspot/share/prims/jni.cpp, line 516]
Event: 46.667 Thread 0x00007f8958233ec0 Implicit null exception at 0x00007f89d30d6a69 to 0x00007f89d30d6c1b
Event: 49.266 Thread 0x00007f8958233ec0 Exception <a 'java/lang/NoSuchMethodError'{0x00000000f5f85860}: 'java.lang.Object java.lang.invoke.DirectMethodHandle$Holder.invokeStatic(java.lang.Object, int, java.lang.Object, java.lang.Object, java.lang.Object, java.lang.Object)'> (0x00000000f5f85860) 
thrown [src/hotspot/share/interpreter/linkResolver.cpp, line 758]
Event: 49.763 Thread 0x00007f8958233ec0 Exception <a 'java/lang/NoSuchMethodError'{0x00000000f5dd9528}: 'void java.lang.invoke.DirectMethodHandle$Holder.invokeSpecial(java.lang.Object, java.lang.Object, int)'> (0x00000000f5dd9528) 
thrown [src/hotspot/share/interpreter/linkResolver.cpp, line 758]
Event: 50.060 Thread 0x00007f896c0016a0 Exception <a 'java/lang/NoSuchMethodError'{0x00000000f57ee8a0}: 'java.lang.Object java.lang.invoke.DirectMethodHandle$Holder.newInvokeSpecial(java.lang.Object, java.lang.Object, int, java.lang.Object, java.lang.Object)'> (0x00000000f57ee8a0) 
thrown [src/hotspot/share/interpreter/linkResolver.cpp, line 758]
Event: 50.061 Thread 0x00007f896c0016a0 Exception <a 'java/lang/NoSuchMethodError'{0x00000000f57f9bb8}: 'java.lang.Object java.lang.invoke.DirectMethodHandle$Holder.invokeSpecial(java.lang.Object, java.lang.Object, java.lang.Object, int, java.lang.Object, java.lang.Object)'> (0x00000000f57f9bb8) 
thrown [src/hotspot/share/interpreter/linkResolver.cpp, line 758]
Event: 50.061 Thread 0x00007f896c0016a0 Exception <a 'java/lang/NoSuchMethodError'{0x00000000f57fdb48}: 'java.lang.Object java.lang.invoke.Invokers$Holder.linkToTargetMethod(java.lang.Object, int, java.lang.Object, java.lang.Object, java.lang.Object)'> (0x00000000f57fdb48) 
thrown [src/hotspot/share/interpreter/linkResolver.cpp, line 758]
Event: 51.181 Thread 0x00007f8958233ec0 Exception <a 'java/lang/NoSuchMethodError'{0x00000000f59c6f28}: 'int java.lang.invoke.DirectMethodHandle$Holder.invokeSpecialIFC(java.lang.Object, java.lang.Object, java.lang.Object, java.lang.Object)'> (0x00000000f59c6f28) 
thrown [src/hotspot/share/interpreter/linkResolver.cpp, line 758]
Event: 54.876 Thread 0x00007f89804a8190 Implicit null exception at 0x00007f89d3121995 to 0x00007f89d312207e
Event: 164.303 Thread 0x00007f8958038c60 Implicit null exception at 0x00007f89d31c99e1 to 0x00007f89d31c9d0a
Event: 164.327 Thread 0x00007f8958038c60 Implicit null exception at 0x00007f89d31cb7a5 to 0x00007f89d31cbaa8
Event: 164.329 Thread 0x00007f8958038c60 Implicit null exception at 0x00007f89d31d0065 to 0x00007f89d31d0288
Event: 290.702 Thread 0x00007f89642fdc00 Exception <a 'java/lang/OutOfMemoryError'{0x00000000e00048c0}> (0x00000000e00048c0) 
thrown [src/hotspot/share/gc/shared/memAllocator.cpp, line 138]
Event: 290.702 Thread 0x00007f89642fdc00 Implicit null exception at 0x00007f89d2fbbd4d to 0x00007f89d2fbbe15
Event: 301.280 Thread 0x00007f89804a8190 Exception <a 'java/lang/OutOfMemoryError'{0x00000000e0004320}> (0x00000000e0004320) 
thrown [src/hotspot/share/gc/shared/memAllocator.cpp, line 138]
Event: 301.280 Thread 0x00007f89804a8190 Implicit null exception at 0x00007f89d32067a2 to 0x00007f89d3206d1d
Event: 320.582 Thread 0x00007f89e40b21b0 Exception <a 'java/lang/OutOfMemoryError'{0x00000000e00040a0}> (0x00000000e00040a0) 
thrown [src/hotspot/share/gc/shared/memAllocator.cpp, line 136]

VM Operations (20 events):
Event: 306.580 Executing VM operation: ParallelGCFailedAllocation done
Event: 306.580 Executing VM operation: ParallelGCFailedAllocation
Event: 307.863 Executing VM operation: ParallelGCFailedAllocation done
Event: 307.863 Executing VM operation: ParallelGCFailedAllocation
Event: 309.224 Executing VM operation: ParallelGCFailedAllocation done
Event: 309.224 Executing VM operation: ParallelGCFailedAllocation
Event: 310.469 Executing VM operation: ParallelGCFailedAllocation done
Event: 310.469 Executing VM operation: ParallelGCFailedAllocation
Event: 311.797 Executing VM operation: ParallelGCFailedAllocation done
Event: 311.797 Executing VM operation: ParallelGCFailedAllocation
Event: 313.063 Executing VM operation: ParallelGCFailedAllocation done
Event: 313.064 Executing VM operation: ParallelGCFailedAllocation
Event: 314.468 Executing VM operation: ParallelGCFailedAllocation done
Event: 314.469 Executing VM operation: ParallelGCFailedAllocation
Event: 315.724 Executing VM operation: ParallelGCFailedAllocation done
Event: 315.724 Executing VM operation: ParallelGCFailedAllocation
Event: 317.362 Executing VM operation: ParallelGCFailedAllocation done
Event: 317.368 Executing VM operation: ParallelGCFailedAllocation
Event: 320.582 Executing VM operation: ParallelGCFailedAllocation done
Event: 320.582 Executing VM operation: ParallelGCFailedAllocation

Events (20 events):
Event: 50.683 Thread 0x00007f89e40b4b10 flushing nmethod 0x00007f89cc871b10
Event: 50.683 Thread 0x00007f89e40b4b10 flushing nmethod 0x00007f89cc872990
Event: 50.683 Thread 0x00007f89e40b4b10 flushing nmethod 0x00007f89cc873c90
Event: 50.683 Thread 0x00007f89e40b4b10 flushing nmethod 0x00007f89cc88b390
Event: 50.683 Thread 0x00007f89e40b4b10 flushing nmethod 0x00007f89cc89fc10
Event: 50.683 Thread 0x00007f89e40b4b10 flushing nmethod 0x00007f89cc8b4290
Event: 50.683 Thread 0x00007f89e40b4b10 flushing nmethod 0x00007f89cc8b4790
Event: 50.683 Thread 0x00007f89e40b4b10 flushing nmethod 0x00007f89cc8b4f10
Event: 50.683 Thread 0x00007f89e40b4b10 flushing nmethod 0x00007f89cc8ba210
Event: 50.683 Thread 0x00007f89e40b4b10 flushing nmethod 0x00007f89cc8dee10
Event: 50.683 Thread 0x00007f89e40b4b10 flushing nmethod 0x00007f89cc8e3410
Event: 51.271 Thread 0x00007f8958233ec0 Thread exited: 0x00007f8958233ec0
Event: 62.785 Thread 0x00007f89e421fbb0 Thread exited: 0x00007f89e421fbb0
Event: 97.041 Thread 0x00007f89504b7550 Thread exited: 0x00007f89504b7550
Event: 101.080 Thread 0x00007f8944004fd0 Thread exited: 0x00007f8944004fd0
Event: 111.380 Thread 0x00007f89640010d0 Thread exited: 0x00007f89640010d0
Event: 111.380 Thread 0x00007f8980302d80 Thread exited: 0x00007f8980302d80
Event: 111.380 Thread 0x00007f894c000ff0 Thread exited: 0x00007f894c000ff0
Event: 146.580 Thread 0x00007f8958038c60 Thread added: 0x00007f8958038c60
Event: 146.590 Protecting memory [0x00007f8991700000,0x00007f8991704000] with protection modes 0


Dynamic libraries:
e0000000-f5580000 rw-p 00000000 00:00 0 
f5580000-fad00000 rw-p 00000000 00:00 0 
fad00000-100000000 ---p 00000000 00:00 0 
800000000-800449000 rw-p 00001000 00:a20 4611686019135357769             /nix/store/gpxl5qgg8kicmcvivwmybwjlpf7wh20l-graalvm17-ce-22.3.0/lib/server/classes.jsa
800449000-800bc8000 r--p 0044a000 00:a20 4611686019135357769             /nix/store/gpxl5qgg8kicmcvivwmybwjlpf7wh20l-graalvm17-ce-22.3.0/lib/server/classes.jsa
800bc8000-800c00000 ---p 00000000 00:00 0 
800c00000-800c20000 rw-p 00000000 00:00 0 
800c20000-800c40000 rw-p 00000000 00:00 0 
800c40000-800cc0000 rw-p 00000000 00:00 0 
800cc0000-800d00000 rw-p 00000000 00:00 0 
800d00000-800dc0000 rw-p 00000000 00:00 0 
800dc0000-800e00000 rw-p 00000000 00:00 0 
800e00000-800f40000 rw-p 00000000 00:00 0 
800f40000-800fc0000 rw-p 00000000 00:00 0 
800fc0000-800ff0000 rw-p 00000000 00:00 0 
800ff0000-801000000 ---p 00000000 00:00 0 
801000000-801240000 rw-p 00000000 00:00 0 
801240000-840c00000 ---p 00000000 00:00 0 
55d1a4a26000-55d1a4a27000 r-xp 00000000 00:a20 4611686019099417844       /nix/store/gpxl5qgg8kicmcvivwmybwjlpf7wh20l-graalvm17-ce-22.3.0/bin/.java-wrapped
55d1a4a28000-55d1a4a29000 r--p 00001000 00:a20 4611686019099417844       /nix/store/gpxl5qgg8kicmcvivwmybwjlpf7wh20l-graalvm17-ce-22.3.0/bin/.java-wrapped
55d1a4a29000-55d1a4a2a000 rw-p 00002000 00:a20 4611686019099417844       /nix/store/gpxl5qgg8kicmcvivwmybwjlpf7wh20l-graalvm17-ce-22.3.0/bin/.java-wrapped
55d1a4a2a000-55d1a4a2b000 rw-p 00004000 00:a20 4611686019099417844       /nix/store/gpxl5qgg8kicmcvivwmybwjlpf7wh20l-graalvm17-ce-22.3.0/bin/.java-wrapped
55d1a4a2b000-55d1a4a2c000 rw-p 00005000 00:a20 4611686019099417844       /nix/store/gpxl5qgg8kicmcvivwmybwjlpf7wh20l-graalvm17-ce-22.3.0/bin/.java-wrapped
55d1a5e0f000-55d1a5e57000 rw-p 00000000 00:00 0                          [heap]
7f8922e00000-7f8922f00000 ---p 00000000 00:00 0 
7f8922f00000-7f89234af000 r--p 01122000 00:a20 4611686019135190040       /nix/store/gpxl5qgg8kicmcvivwmybwjlpf7wh20l-graalvm17-ce-22.3.0/lib/libjvmcicompiler.so
7f89234af000-7f8923600000 r--p 00000000 00:00 0 
7f8923600000-7f892363d000 rw-p 00000000 00:00 0 
7f892363d000-7f8923b5d000 rw-p 0185f000 00:a20 4611686019135190040       /nix/store/gpxl5qgg8kicmcvivwmybwjlpf7wh20l-graalvm17-ce-22.3.0/lib/libjvmcicompiler.so
7f8923b5d000-7f8923f44000 r--p 01d7f000 00:a20 4611686019135190040       /nix/store/gpxl5qgg8kicmcvivwmybwjlpf7wh20l-graalvm17-ce-22.3.0/lib/libjvmcicompiler.so
7f8924000000-7f8924021000 rw-p 00000000 00:00 0 
7f8924021000-7f8928000000 ---p 00000000 00:00 0 
7f8928000000-7f8928280000 rw-p 00000000 00:00 0 
7f8928280000-7f892c000000 ---p 00000000 00:00 0 
7f892c000000-7f892c021000 rw-p 00000000 00:00 0 
7f892c021000-7f8930000000 ---p 00000000 00:00 0 
7f8930000000-7f8930021000 rw-p 00000000 00:00 0 
7f8930021000-7f8934000000 ---p 00000000 00:00 0 
7f8934000000-7f8934021000 rw-p 00000000 00:00 0 
7f8934021000-7f8938000000 ---p 00000000 00:00 0 
7f8939000000-7f8939550000 rw-p 00000000 00:00 0 
7f8939550000-7f8939800000 ---p 00000000 00:00 0 
7f8939c00000-7f8939e00000 rw-p 00000000 00:00 0 
7f8939e00000-7f8939f00000 rw-p 00000000 00:00 0 
7f8939f00000-7f8939f60000 rw-p 00000000 00:00 0 
7f8939f60000-7f893a000000 ---p 00000000 00:00 0 
7f893a000000-7f893a400000 rw-p 00000000 00:00 0 
7f893a4b3000-7f8944000000 r--s 00000000 00:a20 4611686019135192581       /nix/store/gpxl5qgg8kicmcvivwmybwjlpf7wh20l-graalvm17-ce-22.3.0/lib/modules
7f8944000000-7f8944021000 rw-p 00000000 00:00 0 
7f8944021000-7f8948000000 ---p 00000000 00:00 0 
7f8948000000-7f8948021000 rw-p 00000000 00:00 0 
7f8948021000-7f894c000000 ---p 00000000 00:00 0 
7f894c000000-7f894c099000 rw-p 00000000 00:00 0 
7f894c099000-7f8950000000 ---p 00000000 00:00 0 
7f8950000000-7f8950504000 rw-p 00000000 00:00 0 
7f8950504000-7f8954000000 ---p 00000000 00:00 0 
7f8954000000-7f8954021000 rw-p 00000000 00:00 0 
7f8954021000-7f8958000000 ---p 00000000 00:00 0 
7f8958000000-7f8958250000 rw-p 00000000 00:00 0 
7f8958250000-7f895c000000 ---p 00000000 00:00 0 
7f895c000000-7f895c053000 rw-p 00000000 00:00 0 
7f895c053000-7f8960000000 ---p 00000000 00:00 0 
7f8960000000-7f8960021000 rw-p 00000000 00:00 0 
7f8960021000-7f8964000000 ---p 00000000 00:00 0 
7f8964000000-7f8964342000 rw-p 00000000 00:00 0 
7f8964342000-7f8968000000 ---p 00000000 00:00 0 
7f8968000000-7f8968046000 rw-p 00000000 00:00 0 
7f8968046000-7f896c000000 ---p 00000000 00:00 0 
7f896c000000-7f896c11c000 rw-p 00000000 00:00 0 
7f896c11c000-7f8970000000 ---p 00000000 00:00 0 
7f8970000000-7f8970021000 rw-p 00000000 00:00 0 
7f8970021000-7f8974000000 ---p 00000000 00:00 0 
7f8974000000-7f8974025000 rw-p 00000000 00:00 0 
7f8974025000-7f8978000000 ---p 00000000 00:00 0 
7f8978000000-7f8978021000 rw-p 00000000 00:00 0 
7f8978021000-7f897c000000 ---p 00000000 00:00 0 
7f897c000000-7f897c021000 rw-p 00000000 00:00 0 
7f897c021000-7f8980000000 ---p 00000000 00:00 0 
7f8980000000-7f89808da000 rw-p 00000000 00:00 0 
7f89808da000-7f8984000000 ---p 00000000 00:00 0 
7f8984000000-7f8984021000 rw-p 00000000 00:00 0 
7f8984021000-7f8988000000 ---p 00000000 00:00 0 
7f8988800000-7f8988b80000 rw-p 00000000 00:00 0 
7f8988b80000-7f8988c00000 rw-p 00000000 00:00 0 
7f8988c00000-7f8988fc0000 rw-p 00000000 00:00 0 
7f8988fc0000-7f8989000000 rw-p 00000000 00:00 0 
7f8989000000-7f8989100000 rw-p 00000000 00:00 0 
7f8989100000-7f8989180000 rw-p 00000000 00:00 0 
7f8989180000-7f89892c0000 rw-p 00000000 00:00 0 
7f89892c0000-7f8989300000 rw-p 00000000 00:00 0 
7f8989300000-7f8989500000 rw-p 00000000 00:00 0 
7f8989500000-7f8989600000 rw-p 00000000 00:00 0 
7f8989600000-7f8989800000 rw-p 00000000 00:00 0 
7f8989800000-7f8989900000 rw-p 00000000 00:00 0 
7f8989900000-7f8989a00000 rw-p 00000000 00:00 0 
7f8989a00000-7f8989f80000 rw-p 00000000 00:00 0 
7f8989f80000-7f898a000000 rw-p 00000000 00:00 0 
7f898a000000-7f898a100000 rw-p 00000000 00:00 0 
7f898a100000-7f898a200000 rw-p 00000000 00:00 0 
7f898a200000-7f898a500000 rw-p 00000000 00:00 0 
7f898a500000-7f898a600000 rw-p 00000000 00:00 0 
7f898a600000-7f898a800000 rw-p 00000000 00:00 0 
7f898ae00000-7f898ae10000 r-xp 00000000 00:a1a 380                       /home/runner/.cache/jdt-language-server/config/org.eclipse.equinox.launcher/org.eclipse.equinox.launcher.gtk.linux.x86_64_1.2.400.v20211117-0650/eclipse_11600.so
7f898ae10000-7f898b00f000 ---p 00010000 00:a1a 380                       /home/runner/.cache/jdt-language-server/config/org.eclipse.equinox.launcher/org.eclipse.equinox.launcher.gtk.linux.x86_64_1.2.400.v20211117-0650/eclipse_11600.so
7f898b00f000-7f898b010000 r--p 0000f000 00:a1a 380                       /home/runner/.cache/jdt-language-server/config/org.eclipse.equinox.launcher/org.eclipse.equinox.launcher.gtk.linux.x86_64_1.2.400.v20211117-0650/eclipse_11600.so
7f898b010000-7f898b011000 rw-p 00010000 00:a1a 380                       /home/runner/.cache/jdt-language-server/config/org.eclipse.equinox.launcher/org.eclipse.equinox.launcher.gtk.linux.x86_64_1.2.400.v20211117-0650/eclipse_11600.so
7f898c000000-7f898c021000 rw-p 00000000 00:00 0 
7f898c021000-7f8990000000 ---p 00000000 00:00 0 
7f8991100000-7f8991104000 ---p 00000000 00:00 0 
7f8991104000-7f8991200000 rw-p 00000000 00:00 0 
7f8991300000-7f8991304000 ---p 00000000 00:00 0 
7f8991304000-7f8991400000 rw-p 00000000 00:00 0 
7f8991500000-7f8991504000 ---p 00000000 00:00 0 
7f8991504000-7f8991600000 rw-p 00000000 00:00 0 
7f8991700000-7f8991704000 ---p 00000000 00:00 0 
7f8991704000-7f8991800000 rw-p 00000000 00:00 0 
7f8991900000-7f8991904000 ---p 00000000 00:00 0 
7f8991904000-7f8991a00000 rw-p 00000000 00:00 0 
7f8991b00000-7f8991b04000 ---p 00000000 00:00 0 
7f8991b04000-7f8991c00000 rw-p 00000000 00:00 0 
7f8991c00000-7f8991c04000 ---p 00000000 00:00 0 
7f8991c04000-7f8991d00000 rw-p 00000000 00:00 0 
7f8991d00000-7f8991d04000 ---p 00000000 00:00 0 
7f8991d04000-7f8991e00000 rw-p 00000000 00:00 0 
7f8991f00000-7f8991f04000 ---p 00000000 00:00 0 
7f8991f04000-7f8992000000 rw-p 00000000 00:00 0 
7f8992000000-7f8992004000 ---p 00000000 00:00 0 
7f8992004000-7f8992100000 rw-p 00000000 00:00 0 
7f8992100000-7f8992104000 ---p 00000000 00:00 0 
7f8992104000-7f8992200000 rw-p 00000000 00:00 0 
7f8992200000-7f8992204000 ---p 00000000 00:00 0 
7f8992204000-7f8992300000 rw-p 00000000 00:00 0 
7f8992300000-7f8992304000 ---p 00000000 00:00 0 
7f8992304000-7f8992400000 rw-p 00000000 00:00 0 
7f8992500000-7f8992504000 ---p 00000000 00:00 0 
7f8992504000-7f8992600000 rw-p 00000000 00:00 0 
7f8992700000-7f8992704000 ---p 00000000 00:00 0 
7f8992704000-7f8992800000 rw-p 00000000 00:00 0 
7f8992900000-7f8992904000 ---p 00000000 00:00 0 
7f8992904000-7f8992a00000 rw-p 00000000 00:00 0 
7f8992b00000-7f8992b04000 ---p 00000000 00:00 0 
7f8992b04000-7f8992c00000 rw-p 00000000 00:00 0 
7f8992d00000-7f8992d04000 ---p 00000000 00:00 0 
7f8992d04000-7f8992e00000 rw-p 00000000 00:00 0 
7f8993a68000-7f8993f00000 rw-p 00000000 00:00 0 
7f8994000000-7f8994021000 rw-p 00000000 00:00 0 
7f8994021000-7f8998000000 ---p 00000000 00:00 0 
7f8998000000-7f8998021000 rw-p 00000000 00:00 0 
7f8998021000-7f899c000000 ---p 00000000 00:00 0 
7f899c000000-7f899c021000 rw-p 00000000 00:00 0 
7f899c021000-7f89a0000000 ---p 00000000 00:00 0 
7f89a0000000-7f89a0021000 rw-p 00000000 00:00 0 
7f89a0021000-7f89a4000000 ---p 00000000 00:00 0 
7f89a4000000-7f89a40dc000 rw-p 00000000 00:00 0 
7f89a40dc000-7f89a8000000 ---p 00000000 00:00 0 
7f89a8000000-7f89a8b2e000 rw-p 00000000 00:00 0 
7f89a8b2e000-7f89ac000000 ---p 00000000 00:00 0 
7f89ac000000-7f89ac021000 rw-p 00000000 00:00 0 
7f89ac021000-7f89b0000000 ---p 00000000 00:00 0 
7f89b0000000-7f89b0021000 rw-p 00000000 00:00 0 
7f89b0021000-7f89b4000000 ---p 00000000 00:00 0 
7f89b4000000-7f89b4021000 rw-p 00000000 00:00 0 
7f89b4021000-7f89b8000000 ---p 00000000 00:00 0 
7f89b8000000-7f89b8021000 rw-p 00000000 00:00 0 
7f89b8021000-7f89bc000000 ---p 00000000 00:00 0 
7f89bc000000-7f89bc021000 rw-p 00000000 00:00 0 
7f89bc021000-7f89c0000000 ---p 00000000 00:00 0 
7f89c0000000-7f89c0021000 rw-p 00000000 00:00 0 
7f89c0021000-7f89c4000000 ---p 00000000 00:00 0 
7f89c4000000-7f89c4062000 rw-p 00000000 00:00 0 
7f89c4062000-7f89c8000000 ---p 00000000 00:00 0 
7f89c8000000-7f89c8004000 ---p 00000000 00:00 0 
7f89c8004000-7f89c8100000 rw-p 00000000 00:00 0 
7f89c8100000-7f89c8104000 ---p 00000000 00:00 0 
7f89c8104000-7f89c8200000 rw-p 00000000 00:00 0 
7f89c8300000-7f89c8304000 ---p 00000000 00:00 0 
7f89c8304000-7f89c8400000 rw-p 00000000 00:00 0 
7f89c8400000-7f89ca56a000 r-xp 00000000 00:a20 4611686019135190040       /nix/store/gpxl5qgg8kicmcvivwmybwjlpf7wh20l-graalvm17-ce-22.3.0/lib/libjvmcicompiler.so
7f89ca56a000-7f89ca769000 ---p 0216a000 00:a20 4611686019135190040       /nix/store/gpxl5qgg8kicmcvivwmybwjlpf7wh20l-graalvm17-ce-22.3.0/lib/libjvmcicompiler.so
7f89ca769000-7f89ca76a000 r--p 02169000 00:a20 4611686019135190040       /nix/store/gpxl5qgg8kicmcvivwmybwjlpf7wh20l-graalvm17-ce-22.3.0/lib/libjvmcicompiler.so
7f89ca76a000-7f89ca76c000 rw-p 0216a000 00:a20 4611686019135190040       /nix/store/gpxl5qgg8kicmcvivwmybwjlpf7wh20l-graalvm17-ce-22.3.0/lib/libjvmcicompiler.so
7f89ca76c000-7f89ca76d000 rw-p 00000000 00:00 0 
7f89ca76d000-7f89ca772000 rw-p 023c3000 00:a20 4611686019135190040       /nix/store/gpxl5qgg8kicmcvivwmybwjlpf7wh20l-graalvm17-ce-22.3.0/lib/libjvmcicompiler.so
7f89ca7cb000-7f89ca7cf000 ---p 00000000 00:00 0 
7f89ca7cf000-7f89ca8cb000 rw-p 00000000 00:00 0 
7f89ca8cb000-7f89ca8cc000 ---p 00000000 00:00 0 
7f89ca8cc000-7f89ca9cd000 rw-p 00000000 00:00 0 
7f89ca9cd000-7f89ca9d1000 ---p 00000000 00:00 0 
7f89ca9d1000-7f89caacd000 rw-p 00000000 00:00 0 
7f89caacd000-7f89caad1000 ---p 00000000 00:00 0 
7f89caad1000-7f89cabcd000 rw-p 00000000 00:00 0 
7f89cabcd000-7f89cabd1000 ---p 00000000 00:00 0 
7f89cabd1000-7f89caccd000 rw-p 00000000 00:00 0 
7f89caccd000-7f89cacd1000 ---p 00000000 00:00 0 
7f89cacd1000-7f89caecd000 rw-p 00000000 00:00 0 
7f89caecd000-7f89caed1000 ---p 00000000 00:00 0 
7f89caed1000-7f89cb0cd000 rw-p 00000000 00:00 0 
7f89cb0cd000-7f89cb0d1000 ---p 00000000 00:00 0 
7f89cb0d1000-7f89cb1cd000 rw-p 00000000 00:00 0 
7f89cb1cd000-7f89cb4b3000 r--p 00000000 00:8ed 28444448                  /usr/lib/locale/locale-archive
7f89cb4b3000-7f89cb723000 rwxp 00000000 00:00 0 
7f89cb723000-7f89cba42000 ---p 00000000 00:00 0 
7f89cba42000-7f89cc992000 rwxp 00000000 00:00 0 
7f89cc992000-7f89d2f7a000 ---p 00000000 00:00 0 
7f89d2f7a000-7f89d322a000 rwxp 00000000 00:00 0 
7f89d322a000-7f89da4b3000 ---p 00000000 00:00 0 
7f89da4b3000-7f89e4000000 r--s 00000000 00:a20 4611686019135192581       /nix/store/gpxl5qgg8kicmcvivwmybwjlpf7wh20l-graalvm17-ce-22.3.0/lib/modules
7f89e4000000-7f89e462b000 rw-p 00000000 00:00 0 
7f89e462b000-7f89e8000000 ---p 00000000 00:00 0 
7f89e8000000-7f89e8004000 ---p 00000000 00:00 0 
7f89e8004000-7f89e8100000 rw-p 00000000 00:00 0 
7f89e8100000-7f89e8104000 ---p 00000000 00:00 0 
7f89e8104000-7f89e8200000 rw-p 00000000 00:00 0 
7f89e8200000-7f89e8204000 ---p 00000000 00:00 0 
7f89e8204000-7f89e8300000 rw-p 00000000 00:00 0 
7f89e8300000-7f89e8304000 ---p 00000000 00:00 0 
7f89e8304000-7f89e8800000 rw-p 00000000 00:00 0 
7f89e8800000-7f89e8b00000 rw-p 00000000 00:00 0 
7f89e8b00000-7f89e8c00000 rw-p 00000000 00:00 0 
7f89e8c22000-7f89e8c24000 r-xp 00000000 00:a20 4611686019135190017       /nix/store/gpxl5qgg8kicmcvivwmybwjlpf7wh20l-graalvm17-ce-22.3.0/lib/libextnet.so
7f89e8c24000-7f89e8c25000 r--p 00001000 00:a20 4611686019135190017       /nix/store/gpxl5qgg8kicmcvivwmybwjlpf7wh20l-graalvm17-ce-22.3.0/lib/libextnet.so
7f89e8c25000-7f89e8c26000 rw-p 00002000 00:a20 4611686019135190017       /nix/store/gpxl5qgg8kicmcvivwmybwjlpf7wh20l-graalvm17-ce-22.3.0/lib/libextnet.so
7f89e8c26000-7f89e8c27000 rw-p 00004000 00:a20 4611686019135190017       /nix/store/gpxl5qgg8kicmcvivwmybwjlpf7wh20l-graalvm17-ce-22.3.0/lib/libextnet.so
7f89e8c27000-7f89e8c2b000 ---p 00000000 00:00 0 
7f89e8c2b000-7f89e8c49000 rw-p 00000000 00:00 0 
7f89e8c49000-7f89e8c50000 r-xp 00000000 00:a20 4611686019135192580       /nix/store/gpxl5qgg8kicmcvivwmybwjlpf7wh20l-graalvm17-ce-22.3.0/lib/libzip.so
7f89e8c50000-7f89e8c51000 ---p 00007000 00:a20 4611686019135192580       /nix/store/gpxl5qgg8kicmcvivwmybwjlpf7wh20l-graalvm17-ce-22.3.0/lib/libzip.so
7f89e8c51000-7f89e8c52000 r--p 00007000 00:a20 4611686019135192580       /nix/store/gpxl5qgg8kicmcvivwmybwjlpf7wh20l-graalvm17-ce-22.3.0/lib/libzip.so
7f89e8c52000-7f89e8c53000 rw-p 00008000 00:a20 4611686019135192580       /nix/store/gpxl5qgg8kicmcvivwmybwjlpf7wh20l-graalvm17-ce-22.3.0/lib/libzip.so
7f89e8c53000-7f89e8c55000 rw-p 0000b000 00:a20 4611686019135192580       /nix/store/gpxl5qgg8kicmcvivwmybwjlpf7wh20l-graalvm17-ce-22.3.0/lib/libzip.so
7f89e8c55000-7f89e8c6a000 r-xp 00000000 00:a20 4611686019135192570       /nix/store/gpxl5qgg8kicmcvivwmybwjlpf7wh20l-graalvm17-ce-22.3.0/lib/libnet.so
7f89e8c6a000-7f89e8c6b000 ---p 00015000 00:a20 4611686019135192570       /nix/store/gpxl5qgg8kicmcvivwmybwjlpf7wh20l-graalvm17-ce-22.3.0/lib/libnet.so
7f89e8c6b000-7f89e8c6c000 r--p 00015000 00:a20 4611686019135192570       /nix/store/gpxl5qgg8kicmcvivwmybwjlpf7wh20l-graalvm17-ce-22.3.0/lib/libnet.so
7f89e8c6c000-7f89e8c6d000 rw-p 00016000 00:a20 4611686019135192570       /nix/store/gpxl5qgg8kicmcvivwmybwjlpf7wh20l-graalvm17-ce-22.3.0/lib/libnet.so
7f89e8c6d000-7f89e8c70000 rw-p 0001b000 00:a20 4611686019135192570       /nix/store/gpxl5qgg8kicmcvivwmybwjlpf7wh20l-graalvm17-ce-22.3.0/lib/libnet.so
7f89e8c70000-7f89e8c83000 r-xp 00000000 00:a20 4611686019135192571       /nix/store/gpxl5qgg8kicmcvivwmybwjlpf7wh20l-graalvm17-ce-22.3.0/lib/libnio.so
7f89e8c83000-7f89e8c84000 r--p 00012000 00:a20 4611686019135192571       /nix/store/gpxl5qgg8kicmcvivwmybwjlpf7wh20l-graalvm17-ce-22.3.0/lib/libnio.so
7f89e8c84000-7f89e8c85000 rw-p 00013000 00:a20 4611686019135192571       /nix/store/gpxl5qgg8kicmcvivwmybwjlpf7wh20l-graalvm17-ce-22.3.0/lib/libnio.so
7f89e8c85000-7f89e8c8a000 rw-p 00019000 00:a20 4611686019135192571       /nix/store/gpxl5qgg8kicmcvivwmybwjlpf7wh20l-graalvm17-ce-22.3.0/lib/libnio.so
7f89e8c8a000-7f89e8c8b000 ---p 00000000 00:00 0 
7f89e8c8b000-7f89e8d8c000 rw-p 00000000 00:00 0 
7f89e8d8c000-7f89e8e5a000 r-xp 00000000 00:a20 4611686019135190036       /nix/store/gpxl5qgg8kicmcvivwmybwjlpf7wh20l-graalvm17-ce-22.3.0/lib/libjsvml.so
7f89e8e5a000-7f89e8e5b000 r--p 000cd000 00:a20 4611686019135190036       /nix/store/gpxl5qgg8kicmcvivwmybwjlpf7wh20l-graalvm17-ce-22.3.0/lib/libjsvml.so
7f89e8e5b000-7f89e8e5c000 rw-p 000ce000 00:a20 4611686019135190036       /nix/store/gpxl5qgg8kicmcvivwmybwjlpf7wh20l-graalvm17-ce-22.3.0/lib/libjsvml.so
7f89e8e5c000-7f89ea734000 rw-p 00000000 00:00 0 
7f89ea734000-7f89ea735000 ---p 00000000 00:00 0 
7f89ea735000-7f89ea8e0000 rw-p 00000000 00:00 0 
7f89ea8e0000-7f89ea90d000 rw-p 00000000 00:00 0 
7f89ea90d000-7f89ea936000 ---p 00000000 00:00 0 
7f89ea936000-7f89ea93d000 rw-p 00000000 00:00 0 
7f89ea93d000-7f89eaa22000 ---p 00000000 00:00 0 
7f89eaa22000-7f89eaa41000 rw-p 00000000 00:00 0 
7f89eaa41000-7f89eab0d000 ---p 00000000 00:00 0 
7f89eab0d000-7f89eab12000 rw-p 00000000 00:00 0 
7f89eab12000-7f89eab19000 ---p 00000000 00:00 0 
7f89eab19000-7f89eab3d000 r-xp 00000000 00:a20 4611686019135190028       /nix/store/gpxl5qgg8kicmcvivwmybwjlpf7wh20l-graalvm17-ce-22.3.0/lib/libjava.so
7f89eab3d000-7f89eab3e000 ---p 00024000 00:a20 4611686019135190028       /nix/store/gpxl5qgg8kicmcvivwmybwjlpf7wh20l-graalvm17-ce-22.3.0/lib/libjava.so
7f89eab3e000-7f89eab3f000 r--p 00024000 00:a20 4611686019135190028       /nix/store/gpxl5qgg8kicmcvivwmybwjlpf7wh20l-graalvm17-ce-22.3.0/lib/libjava.so
7f89eab3f000-7f89eab40000 rw-p 00025000 00:a20 4611686019135190028       /nix/store/gpxl5qgg8kicmcvivwmybwjlpf7wh20l-graalvm17-ce-22.3.0/lib/libjava.so
7f89eab40000-7f89eab41000 rw-p 00000000 00:00 0 
7f89eab41000-7f89eab48000 rw-p 0002f000 00:a20 4611686019135190028       /nix/store/gpxl5qgg8kicmcvivwmybwjlpf7wh20l-graalvm17-ce-22.3.0/lib/libjava.so
7f89eab48000-7f89eab50000 rw-s 00000000 00:8ca 375                       /tmp/hsperfdata_runner/59
7f89eab50000-7f89eab51000 ---p 00000000 00:00 0 
7f89eab51000-7f89eab52000 r--p 00000000 00:00 0 
7f89eab52000-7f89eab53000 rwxp 00000000 00:00 0 
7f89eab53000-7f89eab6e000 r-xp 00000000 00:a20 4611686019135190032       /nix/store/gpxl5qgg8kicmcvivwmybwjlpf7wh20l-graalvm17-ce-22.3.0/lib/libjimage.so
7f89eab6e000-7f89eab6f000 ---p 0001b000 00:a20 4611686019135190032       /nix/store/gpxl5qgg8kicmcvivwmybwjlpf7wh20l-graalvm17-ce-22.3.0/lib/libjimage.so
7f89eab6f000-7f89eab71000 r--p 0001b000 00:a20 4611686019135190032       /nix/store/gpxl5qgg8kicmcvivwmybwjlpf7wh20l-graalvm17-ce-22.3.0/lib/libjimage.so
7f89eab71000-7f89eab72000 rw-p 0001d000 00:a20 4611686019135190032       /nix/store/gpxl5qgg8kicmcvivwmybwjlpf7wh20l-graalvm17-ce-22.3.0/lib/libjimage.so
7f89eab72000-7f89eab73000 rw-p 00024000 00:a20 4611686019135190032       /nix/store/gpxl5qgg8kicmcvivwmybwjlpf7wh20l-graalvm17-ce-22.3.0/lib/libjimage.so
7f89eab73000-7f89eab77000 ---p 00000000 00:00 0 
7f89eab77000-7f89eac73000 rw-p 00000000 00:00 0 
7f89eac73000-7f89eac81000 r--p 00000000 00:a20 4611686019027979927       /nix/store/4nlgxhb09sdr51nc9hdm8az5b08vzkgx-glibc-2.35-163/lib/libm.so.6
7f89eac81000-7f89eacf4000 r-xp 0000e000 00:a20 4611686019027979927       /nix/store/4nlgxhb09sdr51nc9hdm8az5b08vzkgx-glibc-2.35-163/lib/libm.so.6
7f89eacf4000-7f89ead51000 r--p 00081000 00:a20 4611686019027979927       /nix/store/4nlgxhb09sdr51nc9hdm8az5b08vzkgx-glibc-2.35-163/lib/libm.so.6
7f89ead51000-7f89ead52000 r--p 000dd000 00:a20 4611686019027979927       /nix/store/4nlgxhb09sdr51nc9hdm8az5b08vzkgx-glibc-2.35-163/lib/libm.so.6
7f89ead52000-7f89ead53000 rw-p 000de000 00:a20 4611686019027979927       /nix/store/4nlgxhb09sdr51nc9hdm8az5b08vzkgx-glibc-2.35-163/lib/libm.so.6
7f89ead53000-7f89ead54000 r--p 00000000 00:a20 4611686019027979946       /nix/store/4nlgxhb09sdr51nc9hdm8az5b08vzkgx-glibc-2.35-163/lib/librt.so.1
7f89ead54000-7f89ead55000 r-xp 00001000 00:a20 4611686019027979946       /nix/store/4nlgxhb09sdr51nc9hdm8az5b08vzkgx-glibc-2.35-163/lib/librt.so.1
7f89ead55000-7f89ead56000 r--p 00002000 00:a20 4611686019027979946       /nix/store/4nlgxhb09sdr51nc9hdm8az5b08vzkgx-glibc-2.35-163/lib/librt.so.1
7f89ead56000-7f89ead57000 r--p 00002000 00:a20 4611686019027979946       /nix/store/4nlgxhb09sdr51nc9hdm8az5b08vzkgx-glibc-2.35-163/lib/librt.so.1
7f89ead57000-7f89ead58000 rw-p 00003000 00:a20 4611686019027979946       /nix/store/4nlgxhb09sdr51nc9hdm8az5b08vzkgx-glibc-2.35-163/lib/librt.so.1
7f89ead58000-7f89ebe6b000 r-xp 00000000 00:a20 4611686019135360866       /nix/store/gpxl5qgg8kicmcvivwmybwjlpf7wh20l-graalvm17-ce-22.3.0/lib/server/libjvm.so
7f89ebe6b000-7f89ebe6c000 ---p 01113000 00:a20 4611686019135360866       /nix/store/gpxl5qgg8kicmcvivwmybwjlpf7wh20l-graalvm17-ce-22.3.0/lib/server/libjvm.so
7f89ebe6c000-7f89ebf21000 r--p 01113000 00:a20 4611686019135360866       /nix/store/gpxl5qgg8kicmcvivwmybwjlpf7wh20l-graalvm17-ce-22.3.0/lib/server/libjvm.so
7f89ebf21000-7f89ebf55000 rw-p 011c8000 00:a20 4611686019135360866       /nix/store/gpxl5qgg8kicmcvivwmybwjlpf7wh20l-graalvm17-ce-22.3.0/lib/server/libjvm.so
7f89ebf55000-7f89ebfb1000 rw-p 00000000 00:00 0 
7f89ebfb1000-7f89ebfd9000 r--p 00000000 00:a20 4611686019027979918       /nix/store/4nlgxhb09sdr51nc9hdm8az5b08vzkgx-glibc-2.35-163/lib/libc.so.6
7f89ebfd9000-7f89ec14f000 r-xp 00028000 00:a20 4611686019027979918       /nix/store/4nlgxhb09sdr51nc9hdm8az5b08vzkgx-glibc-2.35-163/lib/libc.so.6
7f89ec14f000-7f89ec1a7000 r--p 0019e000 00:a20 4611686019027979918       /nix/store/4nlgxhb09sdr51nc9hdm8az5b08vzkgx-glibc-2.35-163/lib/libc.so.6
7f89ec1a7000-7f89ec1ab000 r--p 001f6000 00:a20 4611686019027979918       /nix/store/4nlgxhb09sdr51nc9hdm8az5b08vzkgx-glibc-2.35-163/lib/libc.so.6
7f89ec1ab000-7f89ec1ad000 rw-p 001fa000 00:a20 4611686019027979918       /nix/store/4nlgxhb09sdr51nc9hdm8az5b08vzkgx-glibc-2.35-163/lib/libc.so.6
7f89ec1ad000-7f89ec1bc000 rw-p 00000000 00:00 0 
7f89ec1bc000-7f89ec1bd000 r--p 00000000 00:a20 4611686019027979923       /nix/store/4nlgxhb09sdr51nc9hdm8az5b08vzkgx-glibc-2.35-163/lib/libdl.so.2
7f89ec1bd000-7f89ec1be000 r-xp 00001000 00:a20 4611686019027979923       /nix/store/4nlgxhb09sdr51nc9hdm8az5b08vzkgx-glibc-2.35-163/lib/libdl.so.2
7f89ec1be000-7f89ec1bf000 r--p 00002000 00:a20 4611686019027979923       /nix/store/4nlgxhb09sdr51nc9hdm8az5b08vzkgx-glibc-2.35-163/lib/libdl.so.2
7f89ec1bf000-7f89ec1c0000 r--p 00002000 00:a20 4611686019027979923       /nix/store/4nlgxhb09sdr51nc9hdm8az5b08vzkgx-glibc-2.35-163/lib/libdl.so.2
7f89ec1c0000-7f89ec1c1000 rw-p 00003000 00:a20 4611686019027979923       /nix/store/4nlgxhb09sdr51nc9hdm8az5b08vzkgx-glibc-2.35-163/lib/libdl.so.2
7f89ec1c1000-7f89ec1c2000 r--p 00000000 00:a20 4611686019027979942       /nix/store/4nlgxhb09sdr51nc9hdm8az5b08vzkgx-glibc-2.35-163/lib/libpthread.so.0
7f89ec1c2000-7f89ec1c3000 r-xp 00001000 00:a20 4611686019027979942       /nix/store/4nlgxhb09sdr51nc9hdm8az5b08vzkgx-glibc-2.35-163/lib/libpthread.so.0
7f89ec1c3000-7f89ec1c4000 r--p 00002000 00:a20 4611686019027979942       /nix/store/4nlgxhb09sdr51nc9hdm8az5b08vzkgx-glibc-2.35-163/lib/libpthread.so.0
7f89ec1c4000-7f89ec1c5000 r--p 00002000 00:a20 4611686019027979942       /nix/store/4nlgxhb09sdr51nc9hdm8az5b08vzkgx-glibc-2.35-163/lib/libpthread.so.0
7f89ec1c5000-7f89ec1c6000 rw-p 00003000 00:a20 4611686019027979942       /nix/store/4nlgxhb09sdr51nc9hdm8az5b08vzkgx-glibc-2.35-163/lib/libpthread.so.0
7f89ec1c6000-7f89ec1d4000 r-xp 00000000 00:a20 4611686019135190033       /nix/store/gpxl5qgg8kicmcvivwmybwjlpf7wh20l-graalvm17-ce-22.3.0/lib/libjli.so
7f89ec1d4000-7f89ec1d5000 ---p 0000e000 00:a20 4611686019135190033       /nix/store/gpxl5qgg8kicmcvivwmybwjlpf7wh20l-graalvm17-ce-22.3.0/lib/libjli.so
7f89ec1d5000-7f89ec1d6000 r--p 0000e000 00:a20 4611686019135190033       /nix/store/gpxl5qgg8kicmcvivwmybwjlpf7wh20l-graalvm17-ce-22.3.0/lib/libjli.so
7f89ec1d6000-7f89ec1d7000 rw-p 0000f000 00:a20 4611686019135190033       /nix/store/gpxl5qgg8kicmcvivwmybwjlpf7wh20l-graalvm17-ce-22.3.0/lib/libjli.so
7f89ec1d7000-7f89ec1d8000 rw-p 00012000 00:a20 4611686019135190033       /nix/store/gpxl5qgg8kicmcvivwmybwjlpf7wh20l-graalvm17-ce-22.3.0/lib/libjli.so
7f89ec1d8000-7f89ec1db000 r--p 00000000 00:a20 4611686019106210071       /nix/store/026hln0aq1hyshaxsdvhg0kmcm6yf45r-zlib-1.2.13/lib/libz.so.1.2.13
7f89ec1db000-7f89ec1ed000 r-xp 00003000 00:a20 4611686019106210071       /nix/store/026hln0aq1hyshaxsdvhg0kmcm6yf45r-zlib-1.2.13/lib/libz.so.1.2.13
7f89ec1ed000-7f89ec1f4000 r--p 00015000 00:a20 4611686019106210071       /nix/store/026hln0aq1hyshaxsdvhg0kmcm6yf45r-zlib-1.2.13/lib/libz.so.1.2.13
7f89ec1f4000-7f89ec1f5000 r--p 0001b000 00:a20 4611686019106210071       /nix/store/026hln0aq1hyshaxsdvhg0kmcm6yf45r-zlib-1.2.13/lib/libz.so.1.2.13
7f89ec1f5000-7f89ec1f6000 rw-p 0001c000 00:a20 4611686019106210071       /nix/store/026hln0aq1hyshaxsdvhg0kmcm6yf45r-zlib-1.2.13/lib/libz.so.1.2.13
7f89ec1f6000-7f89ec1f8000 rw-p 00000000 00:00 0 
7f89ec1f8000-7f89ec1fa000 r--p 00000000 00:a20 4611686019027979912       /nix/store/4nlgxhb09sdr51nc9hdm8az5b08vzkgx-glibc-2.35-163/lib/ld-linux-x86-64.so.2
7f89ec1fa000-7f89ec221000 r-xp 00002000 00:a20 4611686019027979912       /nix/store/4nlgxhb09sdr51nc9hdm8az5b08vzkgx-glibc-2.35-163/lib/ld-linux-x86-64.so.2
7f89ec221000-7f89ec22d000 r--p 00029000 00:a20 4611686019027979912       /nix/store/4nlgxhb09sdr51nc9hdm8az5b08vzkgx-glibc-2.35-163/lib/ld-linux-x86-64.so.2
7f89ec22d000-7f89ec22f000 r--p 00034000 00:a20 4611686019027979912       /nix/store/4nlgxhb09sdr51nc9hdm8az5b08vzkgx-glibc-2.35-163/lib/ld-linux-x86-64.so.2
7f89ec22f000-7f89ec231000 rw-p 00036000 00:a20 4611686019027979912       /nix/store/4nlgxhb09sdr51nc9hdm8az5b08vzkgx-glibc-2.35-163/lib/ld-linux-x86-64.so.2
7ffdd166e000-7ffdd1693000 rw-p 00000000 00:00 0                          [stack]
7ffdd17b3000-7ffdd17b7000 r--p 00000000 00:00 0                          [vvar]
7ffdd17b7000-7ffdd17b9000 r-xp 00000000 00:00 0                          [vdso]
ffffffffff600000-ffffffffff601000 --xp 00000000 00:00 0                  [vsyscall]


VM Arguments:
jvm_args: -XX:ThreadPriorityPolicy=1 -XX:+UnlockExperimentalVMOptions -XX:+EnableJVMCIProduct -XX:JVMCIThreadsPerNativeLibraryRuntime=1 -XX:-UnlockExperimentalVMOptions -Declipse.application=org.eclipse.jdt.ls.core.id1 -Dosgi.bundles.defaultStartLevel=4 -Declipse.product=org.eclipse.jdt.ls.core.product -Dlog.level=ALL -Xverify:none -XX:+UseParallelGC -XX:GCTimeRatio=4 -XX:AdaptiveSizePolicyWeight=90 -Dsun.zip.disableMemoryMapping=true -Xmx512m -Xms100m 
java_command: /nix/store/m6gcpi1ii6rghy04cjwjddcavv7i90df-jdt-language-server-1.9.0/share/java/plugins/org.eclipse.equinox.launcher_1.6.400.v20210924-0641.jar --add-modules=ALL-SYSTEM --add-opens java.base/java.util=ALL-UNNAMED --add-opens java.base/java.lang=ALL-UNNAMED -configuration /home/runner/.cache/jdt-language-server/config -data /home/runner/.cache/jdt-language-server/data/home/runner/zad40
java_class_path (initial): /nix/store/m6gcpi1ii6rghy04cjwjddcavv7i90df-jdt-language-server-1.9.0/share/java/plugins/org.eclipse.equinox.launcher_1.6.400.v20210924-0641.jar
Launcher Type: SUN_STANDARD

[Global flags]
    uintx AdaptiveSizePolicyWeight                 = 90                                        {product} {command line}
     intx CICompilerCount                          = 2                                         {product} {ergonomic}
     bool EnableJVMCIProduct                       = true                                {JVMCI product} {jimage}
    uintx GCTimeRatio                              = 4                                         {product} {command line}
   size_t InitialHeapSize                          = 104857600                                 {product} {command line}
     uint JVMCIThreadsPerNativeLibraryRuntime      = 1                                   {JVMCI product} {jimage}
   size_t MaxHeapSize                              = 536870912                                 {product} {command line}
   size_t MaxNewSize                               = 178782208                                 {product} {ergonomic}
   size_t MinHeapDeltaBytes                        = 524288                                    {product} {ergonomic}
   size_t MinHeapSize                              = 104857600                                 {product} {command line}
   size_t NewSize                                  = 34603008                                  {product} {ergonomic}
    uintx NonNMethodCodeHeapSize                   = 5826188                                {pd product} {ergonomic}
    uintx NonProfiledCodeHeapSize                  = 122916026                              {pd product} {ergonomic}
   size_t OldSize                                  = 70254592                                  {product} {ergonomic}
    uintx ProfiledCodeHeapSize                     = 122916026                              {pd product} {ergonomic}
    uintx ReservedCodeCacheSize                    = 251658240                              {pd product} {ergonomic}
     bool SegmentedCodeCache                       = true                                      {product} {ergonomic}
   size_t SoftMaxHeapSize                          = 536870912                              {manageable} {ergonomic}
     intx ThreadPriorityPolicy                     = 1                                         {product} {jimage}
     bool UseCompressedClassPointers               = true                           {product lp64_product} {ergonomic}
     bool UseCompressedOops                        = true                           {product lp64_product} {ergonomic}
     bool UseParallelGC                            = true                                      {product} {command line}

Logging:
Log output configuration:
 #0: stdout all=warning uptime,level,tags
 #1: stderr all=off uptime,level,tags

Environment Variables:
JAVA_HOME=/nix/store/gpxl5qgg8kicmcvivwmybwjlpf7wh20l-graalvm17-ce-22.3.0
PATH=/nix/store/1d6ian3r8kdzspw8hacjhl3xkp40g1lj-binutils-wrapper-2.39/bin:/nix/store/dq0xwmsk1g0i2ayg6pb7y87na2knzylh-gcc-wrapper-11.3.0/bin:/nix/store/bap4d0lpcrhpwmpb8ayjcgkmvfj62lnq-bash-interactive-5.1-p16/bin:/nix/store/pr5n59mb4jzmfx6kanwxly0l07p861fg-patchelf-0.15.0/bin:/nix/store/1gf2flfqnpqbr1b4p4qz2f72y42bs56r-gcc-11.3.0/bin:/nix/store/57xv61c5zi8pphjbcwxxjlgc34p61ic9-glibc-2.35-163-bin/bin:/nix/store/a7gvj343m05j2s32xcnwr35v31ynlypr-coreutils-9.1/bin:/nix/store/039g378vc3pc3dvi9dzdlrd0i4q93qwf-binutils-2.39/bin:/nix/store/gpxl5qgg8kicmcvivwmybwjlpf7wh20l-graalvm17-ce-22.3.0/bin:/nix/store/6z9ag3ihc8mq2hzsw48lhbznvzny65nz-apache-maven-3.8.6/bin:/nix/store/m6gcpi1ii6rghy04cjwjddcavv7i90df-jdt-language-server-1.9.0/bin:/nix/store/84xs5alhs01zrbr4ywm05kxbjbp5590l-java-debug/bin:/nix/store/mydc6f4k2z73xlcz7ilif3v2lcaiqvza-findutils-4.9.0/bin:/nix/store/j9p3g8472iijd50vhdprx0nmk2fqn5gv-diffutils-3.8/bin:/nix/store/89zs7rms6x00xfq4dq6m7mjnhkr8a6r4-gnused-4.8/bin:/nix/store/86bp03jkmsl6f92w0yzg4s59g5mhxwmy-gnugrep-3.7/bin:/nix/store/hwcdqw4jrjnd37wxqgsd47hd0j8bnj09-gawk-5.1.1/bin:/nix/store/cfbhw8r8ags41vwqaz47r583d0p4h4a1-gnutar-1.34/bin:/nix/store/p3m1ndl1lapwrlh698bnb5lvvxh67378-gzip-1.12/bin:/nix/store/a8mhcagrsly7c7mpjrpsnaahk4aax056-bzip2-1.0.8-bin/bin:/nix/store/mblgz65m3zv9x548a3d5m96fj2pbwr09-gnumake-4.3/bin:/nix/store/dsd5gz46hdbdk2rfdimqddhq6m8m8fqs-bash-5.1-p16/bin:/nix/store/v7ljksji50mg3w61dykaa3n3y79n6nil-patch-2.7.6/bin:/nix/store/zlcnmqq14jz5x9439jf937mvayyl63da-xz-5.2.7-bin/bin:/nix/store/y6aj732zm9m87c82fpvf103a1xb22blp-file-5.43/bin:/nix/store/i4kzir3m7mrisxmf5xvlnkw01x4qaqr4-prybar-elisp-0.0.0-e0d9a52/bin:/nix/store/lwwivxf6h7x3cvxp9zv8sj0mv7dak99r-prybar-lua-0.0.0-e0d9a52/bin:/nix/store/gxj28g1cg4hq3qanmjv07156h800qr58-prybar-python3-0.0.0-e0d9a52/bin:/nix/store/hshkjnxrgidigf8x75vg6lqng2xlx9i3-prybar-sqlite-0.0.0-e0d9a52/bin:/nix/store/c4w01bpjgyy5ixmwdk8m1pw87zq4sl26-prybar-tcl-0.0.0-e0d9a52/bin:/nix/store/hpbvrlwd5viqmvcaisb3x0118i913a9n-st
LD_LIBRARY_PATH=/nix/store/a4pff549sk2idnkpzk5nsfps3mdkdnvm-cups-2.4.2-lib/lib:/nix/store/72mqxxhh3cy5yifh92wh2yb8cl2hikyy-cairo-1.16.0/lib:/nix/store/2k366jrbsra97gjfxwvrhvixjfxdach5-glib-2.74.1/lib:/nix/store/2j2znigd8ak37rlwh9khz0ry3clqlw1l-gtk+3-3.24.34/lib:/nix/store/hisqvx32cd57apbpcsnkpx6k3549wql1-libglvnd-1.4.0/lib:/nix/store/p36pgcv991mq5srvg765b78yqpxvk3qs-mesa-21.3.3-drivers/lib:/nix/store/mav4251if1ahjq5vkpwycyyvnmy459c4-pulseaudio-14.2/lib
DISPLAY=:0
LANG=en_US.UTF-8

Signal Handlers:
   SIGSEGV: crash_handler in libjvm.so, mask=11100100010111111101111111111110, flags=SA_RESTART|SA_SIGINFO
    SIGBUS: crash_handler in libjvm.so, mask=11100100010111111101111111111110, flags=SA_RESTART|SA_SIGINFO
    SIGFPE: crash_handler in libjvm.so, mask=11100100010111111101111111111110, flags=SA_RESTART|SA_SIGINFO
   SIGPIPE: IsolateEnterStub_IgnoreSIGPIPEStartupHook_noopSignalHandler_8f19bff2f35b5f630d83b364d6b2339320d4ec70_216e8361c6bc87a8f89f58cc10d3b2fd4415bf87 in libjvmcicompiler.so, mask=00000000000000000000000000000000, flags=SA_RESTART
  *** Handler was modified!
  *** Expected: javaSignalHandler in libjvm.so, mask=11100100110111111111111111111110, flags=SA_RESTART|SA_SIGINFO
   SIGXFSZ: javaSignalHandler in libjvm.so, mask=11100100010111111101111111111110, flags=SA_RESTART|SA_SIGINFO
    SIGILL: crash_handler in libjvm.so, mask=11100100010111111101111111111110, flags=SA_RESTART|SA_SIGINFO
   SIGUSR2: SR_handler in libjvm.so, mask=00000000000000000000000000000000, flags=SA_RESTART|SA_SIGINFO
    SIGHUP: UserHandler in libjvm.so, mask=11100100010111111101111111111110, flags=SA_RESTART|SA_SIGINFO
    SIGINT: UserHandler in libjvm.so, mask=11100100010111111101111111111110, flags=SA_RESTART|SA_SIGINFO
   SIGTERM: UserHandler in libjvm.so, mask=11100100010111111101111111111110, flags=SA_RESTART|SA_SIGINFO
   SIGQUIT: UserHandler in libjvm.so, mask=11100100010111111101111111111110, flags=SA_RESTART|SA_SIGINFO
  *** Handler was modified!
  *** Expected: javaSignalHandler in libjvm.so, mask=11100100110111111111111111111110, flags=SA_RESTART|SA_SIGINFO
   SIGTRAP: crash_handler in libjvm.so, mask=11100100010111111101111111111110, flags=SA_RESTART|SA_SIGINFO


---------------  S Y S T E M  ---------------

OS:
DISTRIB_ID=Ubuntu
DISTRIB_RELEASE=20.04
DISTRIB_CODENAME=focal
DISTRIB_DESCRIPTION="Ubuntu 20.04.2 LTS"
uname: Linux 5.15.0-1032-gcp #40~20.04.1-Ubuntu SMP Tue Apr 11 02:49:52 UTC 2023 x86_64
OS uptime: 0 days 18:28 hours
libc: glibc 2.35 NPTL 2.35 
rlimit (soft/hard): STACK 8192k/infinity , CORE infinity/infinity , NPROC infinity/infinity , NOFILE 5242/5242 , AS infinity/infinity , CPU infinity/infinity , DATA infinity/infinity , FSIZE infinity/infinity , MEMLOCK 64k/64k
load average: 19.55 18.74 16.39

/proc/meminfo:
MemTotal:       65852700 kB
MemFree:         5479396 kB
MemAvailable:   33308620 kB
Buffers:         2656408 kB
Cached:         23233816 kB
SwapCached:            0 kB
Active:         11988100 kB
Inactive:       42044092 kB
Active(anon):      20328 kB
Inactive(anon): 27720860 kB
Active(file):   11967772 kB
Inactive(file): 14323232 kB
Unevictable:       43532 kB
Mlocked:           43532 kB
SwapTotal:             0 kB
SwapFree:              0 kB
Dirty:              4768 kB
Writeback:            28 kB
AnonPages:      26238576 kB
Mapped:          2267076 kB
Shmem:             41252 kB
KReclaimable:    2264820 kB
Slab:            4962356 kB
SReclaimable:    2264820 kB
SUnreclaim:      2697536 kB
KernelStack:      501616 kB
PageTables:       291892 kB
NFS_Unstable:          0 kB
Bounce:                0 kB
WritebackTmp:          0 kB
CommitLimit:    32926348 kB
Committed_AS:   91577544 kB
VmallocTotal:   34359738367 kB
VmallocUsed:      562008 kB
VmallocChunk:          0 kB
Percpu:           119712 kB
HardwareCorrupted:     0 kB
AnonHugePages:   4759552 kB
ShmemHugePages:        0 kB
ShmemPmdMapped:        0 kB
FileHugePages:         0 kB
FilePmdMapped:         0 kB
HugePages_Total:       0
HugePages_Free:        0
HugePages_Rsvd:        0
HugePages_Surp:        0
Hugepagesize:       2048 kB
Hugetlb:               0 kB
DirectMap4k:     6871864 kB
DirectMap2M:    53942272 kB
DirectMap1G:     8388608 kB

/sys/kernel/mm/transparent_hugepage/enabled: always [madvise] never
/sys/kernel/mm/transparent_hugepage/defrag (defrag/compaction efforts parameter): always defer defer+madvise [madvise] never

Process Memory:
Virtual Size: 4788316K (peak: 4830016K)
Resident Set Size: 787312K (peak: 823304K) (anon: 590700K, file: 196612K, shmem: 0K)
Swapped out: 0K
C-Heap outstanding allocations: 43747K, retained: 14588K
glibc malloc tunables: (default)

/proc/sys/kernel/threads-max (system-wide limit on the number of threads): 514406
/proc/sys/vm/max_map_count (maximum number of memory map areas a process may have): 65530
/proc/sys/kernel/pid_max (system-wide limit on number of process identifiers): 4194304

container (cgroup) information:
container_type: cgroupv1
cpu_cpuset_cpus: 2-7
cpu_memory_nodes: 0
active_processor_count: 1
cpu_quota: 50000
cpu_period: 100000
cpu_shares: 512
memory_limit_in_bytes: 1048576 k
memory_and_swap_limit_in_bytes: 1048576 k
memory_soft_limit_in_bytes: 524288 k
memory_usage_in_bytes: 1022448 k
memory_max_usage_in_bytes: 1048580 k
maximum number of tasks: 1000
current number of tasks: 47

KVM virtualization detected
Steal ticks since vm start: 0
Steal ticks percentage since vm start:  0.000

CPU: total 8 (initial active 1) (8 cores per cpu, 2 threads per core) family 23 model 49 stepping 0 microcode 0xffffffff, cx8, cmov, fxsr, ht, mmx, 3dnowpref, sse, sse2, sse3, ssse3, sse4a, sse4.1, sse4.2, popcnt, lzcnt, tsc, tscinvbit, avx, avx2, aes, clmul, bmi1, bmi2, adx, sha, fma, vzeroupper, clflush, clflushopt, hv
CPU Model and flags from /proc/cpuinfo:
model name	: AMD EPYC 7B12
flags		: fpu vme de pse tsc msr pae mce cx8 apic sep mtrr pge mca cmov pat pse36 clflush mmx fxsr sse sse2 ht syscall nx mmxext fxsr_opt pdpe1gb rdtscp lm constant_tsc rep_good nopl nonstop_tsc cpuid extd_apicid tsc_known_freq pni pclmulqdq ssse3 fma cx16 sse4_1 sse4_2 movbe popcnt aes xsave avx f16c rdrand hypervisor lahf_lm cmp_legacy cr8_legacy abm sse4a misalignsse 3dnowprefetch osvw topoext ssbd ibrs ibpb stibp vmmcall fsgsbase tsc_adjust bmi1 avx2 smep bmi2 rdseed adx smap clflushopt clwb sha_ni xsaveopt xsavec xgetbv1 clzero xsaveerptr arat npt nrip_save umip rdpid

Online cpus: 0-7
Offline cpus: 
BIOS frequency limitation: <Not Available>
Frequency switch latency (ns): <Not Available>
Available cpu frequencies: <Not Available>
Current governor: <Not Available>
Core performance/turbo boost: <Not Available>

Memory: 4k page, physical 1048576k(26124k free), swap 0k(0k free)
Page Sizes: 4k

vm_info: OpenJDK 64-Bit Server VM (17.0.5+8-jvmci-22.3-b08) for linux-amd64 JRE (17.0.5+8-jvmci-22.3-b08), built on Oct 19 2022 09:01:27 by "buildslave" with gcc 10.3.0

END.
